Wed May 18 14:08:09 UTC 2022 - Executing "/openlane/scripts/mergeLef.py -i /home/matt/work/asic-workshop/shuttle5/pdk/sky130A/libs.ref/sky130_fd_sc_hd/techlef/sky130_fd_sc_hd.tlef /home/matt/work/asic-workshop/shuttle5/pdk/sky130A/libs.ref/sky130_fd_sc_hd/lef/sky130_fd_sc_hd.lef -o /openlane/designs/wrapped_instrumented_adder/runs/RUN_2022.05.18_14.08.09/tmp/merged_unpadded.lef |& tee >&@stdout"

Wed May 18 14:08:09 UTC 2022 - Executing "openroad -python /openlane/scripts/mergeLib.py --output /openlane/designs/wrapped_instrumented_adder/runs/RUN_2022.05.18_14.08.09/tmp/synthesis/merged.lib --name sky130A_merged /home/matt/work/asic-workshop/shuttle5/pdk/sky130A/libs.ref/sky130_fd_sc_hd/lib/sky130_fd_sc_hd__tt_025C_1v80.lib"

Wed May 18 14:08:09 UTC 2022 - Executing "openroad -python /openlane/scripts/libtrim.py --cell-file /openlane/designs/wrapped_instrumented_adder/runs/RUN_2022.05.18_14.08.09/tmp/synthesis/trimmed.lib.exclude.list --output /openlane/designs/wrapped_instrumented_adder/runs/RUN_2022.05.18_14.08.09/tmp/synthesis/trimmed.lib /openlane/designs/wrapped_instrumented_adder/runs/RUN_2022.05.18_14.08.09/tmp/synthesis/merged.lib"

Wed May 18 14:08:10 UTC 2022 - Executing "echo {openlane 2022.02.23_02.50.41} > /openlane/designs/wrapped_instrumented_adder/runs/RUN_2022.05.18_14.08.09/OPENLANE_VERSION"

Wed May 18 14:08:10 UTC 2022 - Executing "openroad -python /openlane/scripts/new_tracks.py -i /home/matt/work/asic-workshop/shuttle5/pdk/sky130A/libs.tech/openlane/sky130_fd_sc_hd/tracks.info -o /openlane/designs/wrapped_instrumented_adder/runs/RUN_2022.05.18_14.08.09/tmp/routing/config.tracks"

Wed May 18 14:08:10 UTC 2022 - Executing "sed -E {s/^([[:space:]]+)pg_pin(.*)/\1pin\2\n\1    direction : "inout";/g} /home/matt/work/asic-workshop/shuttle5/pdk/sky130A/libs.ref/sky130_fd_sc_hd/lib/sky130_fd_sc_hd__tt_025C_1v80.lib > /openlane/designs/wrapped_instrumented_adder/runs/RUN_2022.05.18_14.08.09/tmp/synthesis/1-sky130_fd_sc_hd__tt_025C_1v80.no_pg.lib"

Wed May 18 14:08:10 UTC 2022 - Executing "yosys -c /openlane/scripts/yosys/synth.tcl -l /openlane/designs/wrapped_instrumented_adder/runs/RUN_2022.05.18_14.08.09/logs/synthesis/1-synthesis.log |& tee >&@stdout"

Wed May 18 14:08:11 UTC 2022 - Executing "sed -i -e {s/\(set ::env(CURRENT_NETLIST)\).*/\1 \/openlane\/designs\/wrapped_instrumented_adder\/runs\/RUN_2022.05.18_14.08.09\/results\/synthesis\/instrumented_adder.v/} /openlane/designs/wrapped_instrumented_adder/runs/RUN_2022.05.18_14.08.09/config.tcl"

Wed May 18 14:08:11 UTC 2022 - Executing "sed -i -e {s/\(set ::env(PREV_NETLIST)\).*/\1 0/} /openlane/designs/wrapped_instrumented_adder/runs/RUN_2022.05.18_14.08.09/config.tcl"

Wed May 18 14:08:11 UTC 2022 - Executing "sed -i /defparam/d /openlane/designs/wrapped_instrumented_adder/runs/RUN_2022.05.18_14.08.09/results/synthesis/instrumented_adder.v"

Wed May 18 14:08:11 UTC 2022 - Executing "openroad -exit /openlane/scripts/openroad/sta.tcl"

Wed May 18 14:08:12 UTC 2022 - Executing "openroad -exit /openlane/scripts/openroad/floorplan.tcl"

Wed May 18 14:08:12 UTC 2022 - Executing "openroad -python /openlane/scripts/defutil.py extract_core_dims --output-data /openlane/designs/wrapped_instrumented_adder/runs/RUN_2022.05.18_14.08.09/tmp/dimensions.txt --input-lef /openlane/designs/wrapped_instrumented_adder/runs/RUN_2022.05.18_14.08.09/tmp/merged.lef /openlane/designs/wrapped_instrumented_adder/runs/RUN_2022.05.18_14.08.09/tmp/floorplan/3-initial_fp.def"

Wed May 18 14:08:13 UTC 2022 - Executing "openroad -exit /openlane/scripts/openroad/ioplacer.tcl"

Wed May 18 14:08:13 UTC 2022 - Executing "openroad -exit /openlane/scripts/openroad/tapcell.tcl"

Wed May 18 14:08:13 UTC 2022 - Executing "openroad -exit /openlane/scripts/openroad/pdn.tcl"

Wed May 18 14:08:14 UTC 2022 - Executing "openroad -exit /openlane/scripts/openroad/replace.tcl"

Wed May 18 14:08:14 UTC 2022 - Executing "openroad -exit /openlane/scripts/openroad/resizer.tcl"

Wed May 18 14:08:15 UTC 2022 - Executing "openroad -exit /openlane/scripts/openroad/write_verilog.tcl"

Wed May 18 14:08:15 UTC 2022 - Executing "sed -i -e {s/\(set ::env(CURRENT_NETLIST)\).*/\1 \/openlane\/designs\/wrapped_instrumented_adder\/runs\/RUN_2022.05.18_14.08.09\/results\/placement\/instrumented_adder.resized.v/} /openlane/designs/wrapped_instrumented_adder/runs/RUN_2022.05.18_14.08.09/config.tcl"

Wed May 18 14:08:15 UTC 2022 - Executing "sed -i -e {s/\(set ::env(PREV_NETLIST)\).*/\1 \/openlane\/designs\/wrapped_instrumented_adder\/runs\/RUN_2022.05.18_14.08.09\/results\/synthesis\/instrumented_adder.v/} /openlane/designs/wrapped_instrumented_adder/runs/RUN_2022.05.18_14.08.09/config.tcl"

Wed May 18 14:08:15 UTC 2022 - Executing "openroad -exit /openlane/scripts/openroad/opendp.tcl"

Wed May 18 14:08:15 UTC 2022 - Executing "openroad -python /openlane/scripts/libtrim.py --cell-file /openlane/designs/wrapped_instrumented_adder/runs/RUN_2022.05.18_14.08.09/tmp/cts/cts.lib.exclude.list --output /openlane/designs/wrapped_instrumented_adder/runs/RUN_2022.05.18_14.08.09/tmp/cts/cts.lib /home/matt/work/asic-workshop/shuttle5/pdk/sky130A/libs.ref/sky130_fd_sc_hd/lib/sky130_fd_sc_hd__tt_025C_1v80.lib"

Wed May 18 14:08:16 UTC 2022 - Executing "openroad -exit /openlane/scripts/openroad/cts.tcl"

Wed May 18 14:08:46 UTC 2022 - Executing "openroad -exit /openlane/scripts/openroad/write_verilog.tcl"

Wed May 18 14:08:46 UTC 2022 - Executing "sed -i -e {s/\(set ::env(CURRENT_NETLIST)\).*/\1 \/openlane\/designs\/wrapped_instrumented_adder\/runs\/RUN_2022.05.18_14.08.09\/results\/cts\/instrumented_adder.v/} /openlane/designs/wrapped_instrumented_adder/runs/RUN_2022.05.18_14.08.09/config.tcl"

Wed May 18 14:08:46 UTC 2022 - Executing "sed -i -e {s/\(set ::env(PREV_NETLIST)\).*/\1 \/openlane\/designs\/wrapped_instrumented_adder\/runs\/RUN_2022.05.18_14.08.09\/results\/placement\/instrumented_adder.resized.v/} /openlane/designs/wrapped_instrumented_adder/runs/RUN_2022.05.18_14.08.09/config.tcl"

Wed May 18 14:08:46 UTC 2022 - Executing "openroad -exit /openlane/scripts/openroad/resizer_timing.tcl"

Wed May 18 14:08:47 UTC 2022 - Executing "openroad -exit /openlane/scripts/openroad/write_verilog.tcl"

Wed May 18 14:08:47 UTC 2022 - Executing "sed -i -e {s/\(set ::env(CURRENT_NETLIST)\).*/\1 \/openlane\/designs\/wrapped_instrumented_adder\/runs\/RUN_2022.05.18_14.08.09\/results\/cts\/instrumented_adder.resized.v/} /openlane/designs/wrapped_instrumented_adder/runs/RUN_2022.05.18_14.08.09/config.tcl"

Wed May 18 14:08:47 UTC 2022 - Executing "sed -i -e {s/\(set ::env(PREV_NETLIST)\).*/\1 \/openlane\/designs\/wrapped_instrumented_adder\/runs\/RUN_2022.05.18_14.08.09\/results\/cts\/instrumented_adder.v/} /openlane/designs/wrapped_instrumented_adder/runs/RUN_2022.05.18_14.08.09/config.tcl"

Wed May 18 14:08:47 UTC 2022 - Executing "openroad -exit /openlane/scripts/openroad/opendp.tcl"

Wed May 18 14:08:47 UTC 2022 - Executing "openroad -exit /openlane/scripts/openroad/groute.tcl"

Wed May 18 14:08:48 UTC 2022 - Executing "openroad -exit /openlane/scripts/openroad/fill.tcl"

Wed May 18 14:08:48 UTC 2022 - Executing "openroad -exit /openlane/scripts/openroad/write_verilog.tcl"

Wed May 18 14:08:48 UTC 2022 - Executing "sed -i -e {s/\(set ::env(CURRENT_NETLIST)\).*/\1 \/openlane\/designs\/wrapped_instrumented_adder\/runs\/RUN_2022.05.18_14.08.09\/tmp\/routing\/17-global.v/} /openlane/designs/wrapped_instrumented_adder/runs/RUN_2022.05.18_14.08.09/config.tcl"

Wed May 18 14:08:48 UTC 2022 - Executing "sed -i -e {s/\(set ::env(PREV_NETLIST)\).*/\1 \/openlane\/designs\/wrapped_instrumented_adder\/runs\/RUN_2022.05.18_14.08.09\/results\/cts\/instrumented_adder.resized.v/} /openlane/designs/wrapped_instrumented_adder/runs/RUN_2022.05.18_14.08.09/config.tcl"

Wed May 18 14:08:48 UTC 2022 - Executing "openroad -exit /openlane/scripts/openroad/droute.tcl"

Wed May 18 14:08:49 UTC 2022 - Executing "openroad -python /openlane/scripts/tr_drc_to_klayout_drc.py -i /openlane/designs/wrapped_instrumented_adder/runs/RUN_2022.05.18_14.08.09/reports/routing/detailed.drc -o /openlane/designs/wrapped_instrumented_adder/runs/RUN_2022.05.18_14.08.09/reports/routing/detailed.klayout.xml --design-name instrumented_adder"

Wed May 18 14:08:50 UTC 2022 - Executing "openroad -exit /openlane/scripts/openroad/write_verilog.tcl"

Wed May 18 14:08:50 UTC 2022 - Executing "sed -i -e {s/\(set ::env(CURRENT_NETLIST)\).*/\1 \/openlane\/designs\/wrapped_instrumented_adder\/runs\/RUN_2022.05.18_14.08.09\/tmp\/routing\/19-detailed.v/} /openlane/designs/wrapped_instrumented_adder/runs/RUN_2022.05.18_14.08.09/config.tcl"

Wed May 18 14:08:50 UTC 2022 - Executing "sed -i -e {s/\(set ::env(PREV_NETLIST)\).*/\1 \/openlane\/designs\/wrapped_instrumented_adder\/runs\/RUN_2022.05.18_14.08.09\/tmp\/routing\/17-global.v/} /openlane/designs/wrapped_instrumented_adder/runs/RUN_2022.05.18_14.08.09/config.tcl"

Wed May 18 14:08:50 UTC 2022 - Executing "openroad -exit /openlane/scripts/openroad/rcx.tcl"

Wed May 18 14:08:50 UTC 2022 - Executing "openroad -exit /openlane/scripts/openroad/rcx.tcl"

Wed May 18 14:08:51 UTC 2022 - Executing "openroad -exit /openlane/scripts/openroad/rcx.tcl"

Wed May 18 14:08:52 UTC 2022 - Executing "openroad -exit /openlane/scripts/openroad/sta.tcl"

Wed May 18 14:08:52 UTC 2022 - Executing "openroad -exit /openlane/scripts/openroad/sta_multi_corner.tcl"

Wed May 18 14:08:54 UTC 2022 - Executing "magic -noconsole -dnull -rcfile /home/matt/work/asic-workshop/shuttle5/pdk/sky130A/libs.tech/magic/sky130A.magicrc /openlane/scripts/magic/mag_gds.tcl </dev/null |& tee >&@stdout /openlane/designs/wrapped_instrumented_adder/runs/RUN_2022.05.18_14.08.09/logs/finishing/26-gdsii.log"

Wed May 18 14:08:54 UTC 2022 - Executing "magic -noconsole -dnull -rcfile /home/matt/work/asic-workshop/shuttle5/pdk/sky130A/libs.tech/magic/sky130A.magicrc /openlane/scripts/magic/gds_pointers.tcl </dev/null |& tee >&@stdout /openlane/designs/wrapped_instrumented_adder/runs/RUN_2022.05.18_14.08.09/logs/finishing/26-gds_ptrs.log"

Wed May 18 14:08:54 UTC 2022 - Executing "sed -i -n {/^<< properties >>/,/^<< end >>/p} /openlane/designs/wrapped_instrumented_adder/runs/RUN_2022.05.18_14.08.09/tmp/finishing/gds_ptrs.mag"

Wed May 18 14:08:54 UTC 2022 - Executing "magic -noconsole -dnull -rcfile /home/matt/work/asic-workshop/shuttle5/pdk/sky130A/libs.tech/magic/sky130A.magicrc /openlane/scripts/magic/lef.tcl </dev/null |& tee >&@stdout /openlane/designs/wrapped_instrumented_adder/runs/RUN_2022.05.18_14.08.09/logs/finishing/26-lef.log"

Wed May 18 14:08:55 UTC 2022 - Executing "magic -noconsole -dnull -rcfile /home/matt/work/asic-workshop/shuttle5/pdk/sky130A/libs.tech/magic/sky130A.magicrc /openlane/scripts/magic/maglef.tcl </dev/null |& tee >&@stdout /openlane/designs/wrapped_instrumented_adder/runs/RUN_2022.05.18_14.08.09/logs/finishing/26-maglef.log"

Wed May 18 14:08:55 UTC 2022 - Executing "klayout -b -rm /openlane/scripts/klayout/def2gds.py -rd out_gds=/openlane/designs/wrapped_instrumented_adder/runs/RUN_2022.05.18_14.08.09/results/finishing/instrumented_adder.klayout.gds -rd tech_file=/home/matt/work/asic-workshop/shuttle5/pdk/sky130A/libs.tech/klayout/sky130A.lyt -rd design_name=instrumented_adder -rd in_def=/openlane/designs/wrapped_instrumented_adder/runs/RUN_2022.05.18_14.08.09/results/routing/instrumented_adder.def -rd {in_gds=/home/matt/work/asic-workshop/shuttle5/pdk/sky130A/libs.ref/sky130_fd_sc_hd/gds/sky130_fd_sc_hd.gds } -rd config_file= -rd seal_gds= -rd lef_file=/openlane/designs/wrapped_instrumented_adder/runs/RUN_2022.05.18_14.08.09/tmp/merged.lef |& tee >&@stdout /openlane/designs/wrapped_instrumented_adder/runs/RUN_2022.05.18_14.08.09/logs/finishing/27-gdsii-klayout.log"

Wed May 18 14:08:55 UTC 2022 - Executing "magic -noconsole -dnull -rcfile /home/matt/work/asic-workshop/shuttle5/pdk/sky130A/libs.tech/magic/sky130A.magicrc /openlane/designs/wrapped_instrumented_adder/runs/RUN_2022.05.18_14.08.09/tmp/finishing/spice.tcl </dev/null |& tee >&@stdout /openlane/designs/wrapped_instrumented_adder/runs/RUN_2022.05.18_14.08.09/logs/finishing/28-spice.log"

Wed May 18 14:08:56 UTC 2022 - Executing "openroad -python /openlane/scripts/write_powered_def.py -d /openlane/designs/wrapped_instrumented_adder/runs/RUN_2022.05.18_14.08.09/results/routing/instrumented_adder.def -l /openlane/designs/wrapped_instrumented_adder/runs/RUN_2022.05.18_14.08.09/tmp/merged.lef --power-port vccd1 --ground-port vssd1 --powered-netlist {} -o /openlane/designs/wrapped_instrumented_adder/runs/RUN_2022.05.18_14.08.09/tmp/finishing/28-powered_def.def |& tee >&@stdout /openlane/designs/wrapped_instrumented_adder/runs/RUN_2022.05.18_14.08.09/logs/finishing/29-write_powered_def.log"

Wed May 18 14:08:56 UTC 2022 - Executing "openroad -exit /openlane/scripts/openroad/write_verilog.tcl"

Wed May 18 14:08:56 UTC 2022 - Executing "sed -i -e {s/\(set ::env(CURRENT_NETLIST)\).*/\1 \/openlane\/designs\/wrapped_instrumented_adder\/runs\/RUN_2022.05.18_14.08.09\/tmp\/finishing\/28-powered_netlist.v/} /openlane/designs/wrapped_instrumented_adder/runs/RUN_2022.05.18_14.08.09/config.tcl"

Wed May 18 14:08:56 UTC 2022 - Executing "sed -i -e {s/\(set ::env(PREV_NETLIST)\).*/\1 \/openlane\/designs\/wrapped_instrumented_adder\/runs\/RUN_2022.05.18_14.08.09\/tmp\/routing\/19-detailed.v/} /openlane/designs/wrapped_instrumented_adder/runs/RUN_2022.05.18_14.08.09/config.tcl"

Wed May 18 14:08:56 UTC 2022 - Executing "netgen -batch source /openlane/designs/wrapped_instrumented_adder/runs/RUN_2022.05.18_14.08.09/tmp/finishing/31-setup_file.lef.lvs |& tee >&@stdout /openlane/designs/wrapped_instrumented_adder/runs/RUN_2022.05.18_14.08.09/logs/finishing/31-lef.log"

Wed May 18 14:08:57 UTC 2022 - Executing "magic -noconsole -dnull -rcfile /home/matt/work/asic-workshop/shuttle5/pdk/sky130A/libs.tech/magic/sky130A.magicrc /openlane/scripts/magic/drc.tcl </dev/null |& tee >&@stdout /openlane/designs/wrapped_instrumented_adder/runs/RUN_2022.05.18_14.08.09/logs/finishing/32-drc.log"

Wed May 18 14:08:57 UTC 2022 - Executing "openroad -python /openlane/scripts/magic_drc_to_tcl.py -i /openlane/designs/wrapped_instrumented_adder/runs/RUN_2022.05.18_14.08.09/reports/finishing/drc.rpt -o /openlane/designs/wrapped_instrumented_adder/runs/RUN_2022.05.18_14.08.09/reports/finishing/drc.tcl"

Wed May 18 14:08:57 UTC 2022 - Executing "openroad -python /openlane/scripts/magic_drc_to_tr_drc.py -i /openlane/designs/wrapped_instrumented_adder/runs/RUN_2022.05.18_14.08.09/reports/finishing/drc.rpt -o /openlane/designs/wrapped_instrumented_adder/runs/RUN_2022.05.18_14.08.09/reports/finishing/drc.tr"

Wed May 18 14:08:58 UTC 2022 - Executing "openroad -python /openlane/scripts/tr_drc_to_klayout_drc.py -i /openlane/designs/wrapped_instrumented_adder/runs/RUN_2022.05.18_14.08.09/reports/finishing/drc.tr -o /openlane/designs/wrapped_instrumented_adder/runs/RUN_2022.05.18_14.08.09/reports/finishing/drc.klayout.xml --design-name instrumented_adder"

Wed May 18 14:08:58 UTC 2022 - Executing "openroad -python /openlane/scripts/magic_drc_to_rdb.py --magic_drc_in /openlane/designs/wrapped_instrumented_adder/runs/RUN_2022.05.18_14.08.09/reports/finishing/drc.rpt --rdb_out /openlane/designs/wrapped_instrumented_adder/runs/RUN_2022.05.18_14.08.09/reports/finishing/drc.rdb"

Wed May 18 14:08:58 UTC 2022 - Executing "openroad -exit /openlane/scripts/openroad/antenna_check.tcl"

Wed May 18 14:08:58 UTC 2022 - Executing "openroad -python /openlane/scripts/generate_reports.py -d /openlane/designs/wrapped_instrumented_adder --design_name instrumented_adder --tag RUN_2022.05.18_14.08.09 --output_file /openlane/designs/wrapped_instrumented_adder/runs/RUN_2022.05.18_14.08.09/reports/final_summary_report.csv --man_report /openlane/designs/wrapped_instrumented_adder/runs/RUN_2022.05.18_14.08.09/reports/manufacturability_report.rpt --run_path /openlane/designs/wrapped_instrumented_adder/runs/RUN_2022.05.18_14.08.09"

