[INFO]: Current run directory is /openlane/designs/wrapped_instrumented_adder/runs/RUN_2022.05.18_14.08.09
[INFO]: Storing configs into config.tcl ...
[INFO]: Preparing LEF Files
[INFO]: Extracting the number of available metal layers from /home/matt/work/asic-workshop/shuttle5/pdk/sky130A/libs.ref/sky130_fd_sc_hd/techlef/sky130_fd_sc_hd.tlef
[INFO]: The available metal layers (6) are li1  met1  met2  met3  met4  met5
[INFO]: Merging LEF Files...
[INFO]: Trimming Liberty...
[INFO]: Generating Exclude List...
[INFO]: Generating Exclude List...
[INFO]: Creating ::env(DONT_USE_CELLS)...
[INFO]: Preparation complete
[INFO]: Incremented step index to 0.
[INFO]: Running Synthesis...
[INFO]: Changing netlist from 0 to /openlane/designs/wrapped_instrumented_adder/runs/RUN_2022.05.18_14.08.09/results/synthesis/instrumented_adder.v
[INFO]: Incremented step index to 1.
[INFO]: Running Static Timing Analysis...
[INFO]: Synthesis was successful
[INFO]: Running Floorplanning...
[INFO]: Running Initial Floorplanning...
[INFO]: Incremented step index to 2.
[INFO]: Core area width: 38.959999999999994
[INFO]: Core area height: 28.239999999999995
[WARNING]: Current core area is too small for a power grid. The power grid will be minimized.
[INFO]: Final Vertical PDN Offset: 6.493333333333332
[INFO]: Final Horizontal PDN Offset: 4.706666666666666
[INFO]: Final Vertical PDN Pitch: 12.986666666666665
[INFO]: Final Horizontal PDN Pitch: 9.413333333333332
[INFO]: Changing layout from 0 to /openlane/designs/wrapped_instrumented_adder/runs/RUN_2022.05.18_14.08.09/tmp/floorplan/3-initial_fp.def
[INFO]: Setting Core Dimensions...
[INFO]: Incremented step index to 3.
[INFO]: Running IO Placement...
[INFO]: Changing layout from /openlane/designs/wrapped_instrumented_adder/runs/RUN_2022.05.18_14.08.09/tmp/floorplan/3-initial_fp.def to /openlane/designs/wrapped_instrumented_adder/runs/RUN_2022.05.18_14.08.09/tmp/floorplan/4-io.def
[INFO]: Incremented step index to 4.
[INFO]: Running Tap/Decap Insertion...
[INFO]: Changing layout from /openlane/designs/wrapped_instrumented_adder/runs/RUN_2022.05.18_14.08.09/tmp/floorplan/4-io.def to /openlane/designs/wrapped_instrumented_adder/runs/RUN_2022.05.18_14.08.09/results/floorplan/instrumented_adder.def
[INFO]: Power planning the following nets
[INFO]: Power: vccd1
[INFO]: Ground: vssd1
[INFO]: Incremented step index to 5.
[INFO]: Generating PDN...
[INFO]: PDN generation was successful.
[INFO]: Changing layout from /openlane/designs/wrapped_instrumented_adder/runs/RUN_2022.05.18_14.08.09/results/floorplan/instrumented_adder.def to /openlane/designs/wrapped_instrumented_adder/runs/RUN_2022.05.18_14.08.09/tmp/floorplan/6-pdn.def
[INFO]: Running Placement...
[INFO]: Incremented step index to 6.
[INFO]: Running Global Placement...
[INFO]: Global placement was successful
[INFO]: Changing layout from /openlane/designs/wrapped_instrumented_adder/runs/RUN_2022.05.18_14.08.09/tmp/floorplan/6-pdn.def to /openlane/designs/wrapped_instrumented_adder/runs/RUN_2022.05.18_14.08.09/tmp/placement/7-global.def
[INFO]: Incremented step index to 7.
[INFO]: Running Resizer Design Optimizations...
[INFO]: Changing layout from /openlane/designs/wrapped_instrumented_adder/runs/RUN_2022.05.18_14.08.09/tmp/placement/7-global.def to /openlane/designs/wrapped_instrumented_adder/runs/RUN_2022.05.18_14.08.09/tmp/placement/8-resizer.def
[INFO]: Incremented step index to 8.
[INFO]: Writing Verilog...
[INFO]: Changing netlist from /openlane/designs/wrapped_instrumented_adder/runs/RUN_2022.05.18_14.08.09/results/synthesis/instrumented_adder.v to /openlane/designs/wrapped_instrumented_adder/runs/RUN_2022.05.18_14.08.09/results/placement/instrumented_adder.resized.v
[INFO]: Incremented step index to 9.
[INFO]: Running Detailed Placement...
[INFO]: Changing layout from /openlane/designs/wrapped_instrumented_adder/runs/RUN_2022.05.18_14.08.09/tmp/placement/8-resizer.def to /openlane/designs/wrapped_instrumented_adder/runs/RUN_2022.05.18_14.08.09/results/placement/instrumented_adder.def
[INFO]: Changing layout from /openlane/designs/wrapped_instrumented_adder/runs/RUN_2022.05.18_14.08.09/results/placement/instrumented_adder.def to /openlane/designs/wrapped_instrumented_adder/runs/RUN_2022.05.18_14.08.09/results/placement/instrumented_adder.def
[INFO]: Incremented step index to 10.
[INFO]: Running TritonCTS...
[INFO]: Trimming Liberty...
[INFO]: Generating Exclude List...
[INFO]: Clock Tree Synthesis was successful
[INFO]: Changing layout from /openlane/designs/wrapped_instrumented_adder/runs/RUN_2022.05.18_14.08.09/results/placement/instrumented_adder.def to /openlane/designs/wrapped_instrumented_adder/runs/RUN_2022.05.18_14.08.09/results/cts/instrumented_adder.def
[INFO]: Incremented step index to 11.
[INFO]: Writing Verilog...
[INFO]: Changing netlist from /openlane/designs/wrapped_instrumented_adder/runs/RUN_2022.05.18_14.08.09/results/placement/instrumented_adder.resized.v to /openlane/designs/wrapped_instrumented_adder/runs/RUN_2022.05.18_14.08.09/results/cts/instrumented_adder.v
[INFO]: Incremented step index to 12.
[INFO]: Running Resizer Timing Optimizations...
[INFO]: Changing layout from /openlane/designs/wrapped_instrumented_adder/runs/RUN_2022.05.18_14.08.09/results/cts/instrumented_adder.def to /openlane/designs/wrapped_instrumented_adder/runs/RUN_2022.05.18_14.08.09/tmp/cts/13-resizer_timing.def
[INFO]: Incremented step index to 13.
[INFO]: Writing Verilog...
[INFO]: Changing netlist from /openlane/designs/wrapped_instrumented_adder/runs/RUN_2022.05.18_14.08.09/results/cts/instrumented_adder.v to /openlane/designs/wrapped_instrumented_adder/runs/RUN_2022.05.18_14.08.09/results/cts/instrumented_adder.resized.v
[INFO]: Routing...
[INFO]: Skipping Resizer Timing Optimizations.
[INFO]: Incremented step index to 14.
[INFO]: Running Detailed Placement...
[INFO]: Changing layout from /openlane/designs/wrapped_instrumented_adder/runs/RUN_2022.05.18_14.08.09/tmp/cts/13-resizer_timing.def to /openlane/designs/wrapped_instrumented_adder/runs/RUN_2022.05.18_14.08.09/tmp/cts/13-resizer_timing.def
[INFO]: Changing layout from /openlane/designs/wrapped_instrumented_adder/runs/RUN_2022.05.18_14.08.09/tmp/cts/13-resizer_timing.def to /openlane/designs/wrapped_instrumented_adder/runs/RUN_2022.05.18_14.08.09/tmp/cts/13-resizer_timing.def
[INFO]: Incremented step index to 15.
[INFO]: Running Global Routing...
[INFO]: Starting FastRoute Antenna Repair Iterations...
[INFO]: Changing layout from /openlane/designs/wrapped_instrumented_adder/runs/RUN_2022.05.18_14.08.09/tmp/cts/13-resizer_timing.def to /openlane/designs/wrapped_instrumented_adder/runs/RUN_2022.05.18_14.08.09/tmp/routing/16-global.def
[INFO]: Changing layout from 0 to /openlane/designs/wrapped_instrumented_adder/runs/RUN_2022.05.18_14.08.09/tmp/routing/16-global.guide
[INFO]: Changing layout from /openlane/designs/wrapped_instrumented_adder/runs/RUN_2022.05.18_14.08.09/tmp/routing/16-global.def to /openlane/designs/wrapped_instrumented_adder/runs/RUN_2022.05.18_14.08.09/tmp/routing/16-global.def
[INFO]: Changing layout from /openlane/designs/wrapped_instrumented_adder/runs/RUN_2022.05.18_14.08.09/tmp/routing/16-global.guide to /openlane/designs/wrapped_instrumented_adder/runs/RUN_2022.05.18_14.08.09/tmp/routing/16-global.guide
[INFO]: Current Def is /openlane/designs/wrapped_instrumented_adder/runs/RUN_2022.05.18_14.08.09/tmp/routing/16-global.def
[INFO]: Current Guide is /openlane/designs/wrapped_instrumented_adder/runs/RUN_2022.05.18_14.08.09/tmp/routing/16-global.guide
[INFO]: Incremented step index to 16.
[INFO]: Running Fill Insertion...
[INFO]: Changing layout from /openlane/designs/wrapped_instrumented_adder/runs/RUN_2022.05.18_14.08.09/tmp/routing/16-global.def to /openlane/designs/wrapped_instrumented_adder/runs/RUN_2022.05.18_14.08.09/tmp/routing/17-fill.def
[INFO]: Incremented step index to 17.
[INFO]: Writing Verilog...
[INFO]: Changing netlist from /openlane/designs/wrapped_instrumented_adder/runs/RUN_2022.05.18_14.08.09/results/cts/instrumented_adder.resized.v to /openlane/designs/wrapped_instrumented_adder/runs/RUN_2022.05.18_14.08.09/tmp/routing/17-global.v
[INFO]: Incremented step index to 18.
[INFO]: Running Detailed Routing...
[INFO]: No DRC violations after detailed routing.
[INFO]: Changing layout from /openlane/designs/wrapped_instrumented_adder/runs/RUN_2022.05.18_14.08.09/tmp/routing/17-fill.def to /openlane/designs/wrapped_instrumented_adder/runs/RUN_2022.05.18_14.08.09/results/routing/instrumented_adder.def
[INFO]: Incremented step index to 19.
[INFO]: Writing Verilog...
[INFO]: Changing netlist from /openlane/designs/wrapped_instrumented_adder/runs/RUN_2022.05.18_14.08.09/tmp/routing/17-global.v to /openlane/designs/wrapped_instrumented_adder/runs/RUN_2022.05.18_14.08.09/tmp/routing/19-detailed.v
[INFO]: Incremented step index to 20.
[INFO]: Running SPEF Extraction...
[INFO]: Incremented step index to 21.
[INFO]: Running SPEF Extraction...
[INFO]: Incremented step index to 22.
[INFO]: Running SPEF Extraction...
[INFO]: Incremented step index to 23.
[INFO]: Running Static Timing Analysis...
[INFO]: Incremented step index to 24.
[INFO]: Running Static Timing Analysis...
[INFO]: Incremented step index to 25.
[INFO]: Running Magic to generate various views...
[INFO]: Streaming out GDS II...
[INFO]: Generating MAGLEF views...
[INFO]: Generting GDS II with Klayout...
[INFO]: Incremented step index to 26.
[INFO]: Streaming out GDS II...
[INFO]: Back-up GDS-II streamed out.
[INFO]: Incremented step index to 27.
[INFO]: Running Magic Spice Export from LEF...
[INFO]: No illegal overlaps detected during extraction.
[INFO]: Incremented step index to 28.
[INFO]: Writing Powered Verilog...
[INFO]: Incremented step index to 29.
[INFO]: Writing Verilog...
[INFO]: Yosys won't attempt to rewrite verilog, and the OpenROAD output will be used as is.
[INFO]: Changing netlist from /openlane/designs/wrapped_instrumented_adder/runs/RUN_2022.05.18_14.08.09/tmp/routing/19-detailed.v to /openlane/designs/wrapped_instrumented_adder/runs/RUN_2022.05.18_14.08.09/tmp/finishing/28-powered_netlist.v
[INFO]: Incremented step index to 30.
[INFO]: Running LEF LVS...
[INFO]: /openlane/designs/wrapped_instrumented_adder/runs/RUN_2022.05.18_14.08.09/results/finishing/instrumented_adder.spice against /openlane/designs/wrapped_instrumented_adder/runs/RUN_2022.05.18_14.08.09/tmp/finishing/28-powered_netlist.v
[INFO]: No LVS mismatches.
[INFO]: Incremented step index to 31.
[INFO]: Running Magic DRC...
[INFO]: Converting Magic DRC Violations to Magic Readable Format...
[INFO]: Converting Magic DRC Violations to Klayout XML Database...
[INFO]: Converting DRC Violations to RDB Format...
[INFO]: Converted DRC Violations to RDB Format
[INFO]: No DRC violations after GDS streaming out.
[INFO]: Running Antenna Checks...
[INFO]: Incremented step index to 32.
[INFO]: Running OpenROAD Antenna Rule Checker...
[INFO]: Skipping CVC...
[INFO]: Saving final set of views in '/openlane/designs/wrapped_instrumented_adder/runs/RUN_2022.05.18_14.08.09/results/final'...
[INFO]: Calculating Runtime From the Start...
[INFO]: Saving runtime environment...
[INFO]: Generating Final Summary Report...
[INFO]: Design Name: instrumented_adder
Run Directory: /openlane/designs/wrapped_instrumented_adder/runs/RUN_2022.05.18_14.08.09
----------------------------------------

Magic DRC Summary:
Source: /openlane/designs/wrapped_instrumented_adder/runs/RUN_2022.05.18_14.08.09/reports/finishing/drc.rpt
Total Magic DRC violations is 0
----------------------------------------

LVS Summary:
Source: /openlane/designs/wrapped_instrumented_adder/runs/RUN_2022.05.18_14.08.09/logs/finishing/31-instrumented_adder.lvs.lef.log
LVS reports no net, device, pin, or property mismatches.
Total errors = 0
----------------------------------------

Antenna Summary:
Source: /openlane/designs/wrapped_instrumented_adder/runs/RUN_2022.05.18_14.08.09/reports/finishing/antenna.rpt
Number of pins violated: 0
Number of nets violated: 0
[INFO]: check full report here: /openlane/designs/wrapped_instrumented_adder/runs/RUN_2022.05.18_14.08.09/reports/final_summary_report.csv
[INFO]: There are no max slew violations in the design at the typical corner.
[INFO]: There are no hold violations in the design at the typical corner.
[INFO]: There are no setup violations in the design at the typical corner.
[SUCCESS]: Flow complete.
[INFO]: Note that the following warnings have been generated:
