
===========================================================================
report_checks -path_delay max (Setup)
============================================================================
Startpoint: reset (input port clocked by clk)
Endpoint: chain (output port clocked by clk)
Path Group: clk
Path Type: max

Fanout     Cap    Slew   Delay    Time   Description
-----------------------------------------------------------------------------
                          0.00    0.00   clock clk (rise edge)
                          0.00    0.00   clock network delay (propagated)
                          2.00    2.00 v input external delay
                  0.02    0.01    2.01 v reset (in)
     1    0.01                           reset (net)
                  0.02    0.00    2.01 v input1/A (sky130_fd_sc_hd__clkbuf_2)
                  0.09    0.15    2.17 v input1/X (sky130_fd_sc_hd__clkbuf_2)
     5    0.02                           net1 (net)
                  0.09    0.00    2.17 v _12_/A (sky130_fd_sc_hd__nor2_1)
                  0.13    0.16    2.33 ^ _12_/Y (sky130_fd_sc_hd__nor2_1)
     1    0.01                           buffers_in[0] (net)
                  0.13    0.00    2.33 ^ buffers[0]/A (sky130_fd_sc_hd__inv_2)
                  0.04    0.05    2.38 v buffers[0]/Y (sky130_fd_sc_hd__inv_2)
     1    0.01                           buffers_in[1] (net)
                  0.04    0.00    2.38 v buffers[1]/A (sky130_fd_sc_hd__inv_2)
                  0.04    0.05    2.43 ^ buffers[1]/Y (sky130_fd_sc_hd__inv_2)
     1    0.01                           buffers_in[2] (net)
                  0.04    0.00    2.43 ^ buffers[2]/A (sky130_fd_sc_hd__inv_2)
                  0.02    0.03    2.46 v buffers[2]/Y (sky130_fd_sc_hd__inv_2)
     1    0.00                           buffers_in[3] (net)
                  0.02    0.00    2.46 v buffers[3]/A (sky130_fd_sc_hd__inv_2)
                  0.03    0.04    2.50 ^ buffers[3]/Y (sky130_fd_sc_hd__inv_2)
     1    0.01                           buffers_in[4] (net)
                  0.03    0.00    2.50 ^ buffers[4]/A (sky130_fd_sc_hd__inv_2)
                  0.02    0.03    2.53 v buffers[4]/Y (sky130_fd_sc_hd__inv_2)
     1    0.01                           buffers_in[5] (net)
                  0.02    0.00    2.53 v buffers[5]/A (sky130_fd_sc_hd__inv_2)
                  0.04    0.04    2.58 ^ buffers[5]/Y (sky130_fd_sc_hd__inv_2)
     1    0.01                           buffers_in[6] (net)
                  0.04    0.00    2.58 ^ buffers[6]/A (sky130_fd_sc_hd__inv_2)
                  0.02    0.03    2.61 v buffers[6]/Y (sky130_fd_sc_hd__inv_2)
     1    0.01                           buffers_in[7] (net)
                  0.02    0.00    2.61 v buffers[7]/A (sky130_fd_sc_hd__inv_2)
                  0.03    0.04    2.65 ^ buffers[7]/Y (sky130_fd_sc_hd__inv_2)
     1    0.01                           buffers_in[8] (net)
                  0.03    0.00    2.65 ^ buffers[8]/A (sky130_fd_sc_hd__inv_2)
                  0.02    0.03    2.68 v buffers[8]/Y (sky130_fd_sc_hd__inv_2)
     1    0.01                           buffers_in[9] (net)
                  0.02    0.00    2.68 v buffers[9]/A (sky130_fd_sc_hd__inv_2)
                  0.19    0.16    2.84 ^ buffers[9]/Y (sky130_fd_sc_hd__inv_2)
     2    0.04                           chain (net)
                  0.19    0.00    2.84 ^ chain (out)
                                  2.84   data arrival time

                         10.00   10.00   clock clk (rise edge)
                          0.00   10.00   clock network delay (propagated)
                         -0.25    9.75   clock uncertainty
                          0.00    9.75   clock reconvergence pessimism
                         -2.00    7.75   output external delay
                                  7.75   data required time
-----------------------------------------------------------------------------
                                  7.75   data required time
                                 -2.84   data arrival time
-----------------------------------------------------------------------------
                                  4.91   slack (MET)


Startpoint: _28_ (rising edge-triggered flip-flop clocked by clk)
Endpoint: outputs[3] (output port clocked by clk)
Path Group: clk
Path Type: max

Fanout     Cap    Slew   Delay    Time   Description
-----------------------------------------------------------------------------
                          0.00    0.00   clock clk (rise edge)
                          0.00    0.00   clock source latency
                  0.07    0.05    0.05 ^ clk (in)
     1    0.01                           clk (net)
                  0.07    0.00    0.05 ^ clkbuf_0_clk/A (sky130_fd_sc_hd__clkbuf_16)
                  0.04    0.13    0.18 ^ clkbuf_0_clk/X (sky130_fd_sc_hd__clkbuf_16)
     2    0.01                           clknet_0_clk (net)
                  0.04    0.00    0.18 ^ clkbuf_1_1_0_clk/A (sky130_fd_sc_hd__clkbuf_2)
                  0.05    0.11    0.29 ^ clkbuf_1_1_0_clk/X (sky130_fd_sc_hd__clkbuf_2)
     2    0.01                           clknet_1_1_0_clk (net)
                  0.05    0.00    0.29 ^ _28_/CLK (sky130_fd_sc_hd__dfxtp_2)
                  0.24    0.48    0.77 ^ _28_/Q (sky130_fd_sc_hd__dfxtp_2)
     3    0.04                           outputs[3] (net)
                  0.24    0.00    0.78 ^ outputs[3] (out)
                                  0.78   data arrival time

                         10.00   10.00   clock clk (rise edge)
                          0.00   10.00   clock network delay (propagated)
                         -0.25    9.75   clock uncertainty
                          0.00    9.75   clock reconvergence pessimism
                         -2.00    7.75   output external delay
                                  7.75   data required time
-----------------------------------------------------------------------------
                                  7.75   data required time
                                 -0.78   data arrival time
-----------------------------------------------------------------------------
                                  6.97   slack (MET)


Startpoint: _26_ (rising edge-triggered flip-flop clocked by clk)
Endpoint: outputs[1] (output port clocked by clk)
Path Group: clk
Path Type: max

Fanout     Cap    Slew   Delay    Time   Description
-----------------------------------------------------------------------------
                          0.00    0.00   clock clk (rise edge)
                          0.00    0.00   clock source latency
                  0.07    0.05    0.05 ^ clk (in)
     1    0.01                           clk (net)
                  0.07    0.00    0.05 ^ clkbuf_0_clk/A (sky130_fd_sc_hd__clkbuf_16)
                  0.04    0.13    0.18 ^ clkbuf_0_clk/X (sky130_fd_sc_hd__clkbuf_16)
     2    0.01                           clknet_0_clk (net)
                  0.04    0.00    0.18 ^ clkbuf_1_0_0_clk/A (sky130_fd_sc_hd__clkbuf_2)
                  0.05    0.11    0.29 ^ clkbuf_1_0_0_clk/X (sky130_fd_sc_hd__clkbuf_2)
     2    0.01                           clknet_1_0_0_clk (net)
                  0.05    0.00    0.29 ^ _26_/CLK (sky130_fd_sc_hd__dfxtp_2)
                  0.23    0.48    0.76 ^ _26_/Q (sky130_fd_sc_hd__dfxtp_2)
     3    0.04                           outputs[1] (net)
                  0.23    0.00    0.76 ^ outputs[1] (out)
                                  0.76   data arrival time

                         10.00   10.00   clock clk (rise edge)
                          0.00   10.00   clock network delay (propagated)
                         -0.25    9.75   clock uncertainty
                          0.00    9.75   clock reconvergence pessimism
                         -2.00    7.75   output external delay
                                  7.75   data required time
-----------------------------------------------------------------------------
                                  7.75   data required time
                                 -0.76   data arrival time
-----------------------------------------------------------------------------
                                  6.99   slack (MET)


Startpoint: _27_ (rising edge-triggered flip-flop clocked by clk)
Endpoint: outputs[2] (output port clocked by clk)
Path Group: clk
Path Type: max

Fanout     Cap    Slew   Delay    Time   Description
-----------------------------------------------------------------------------
                          0.00    0.00   clock clk (rise edge)
                          0.00    0.00   clock source latency
                  0.07    0.05    0.05 ^ clk (in)
     1    0.01                           clk (net)
                  0.07    0.00    0.05 ^ clkbuf_0_clk/A (sky130_fd_sc_hd__clkbuf_16)
                  0.04    0.13    0.18 ^ clkbuf_0_clk/X (sky130_fd_sc_hd__clkbuf_16)
     2    0.01                           clknet_0_clk (net)
                  0.04    0.00    0.18 ^ clkbuf_1_0_0_clk/A (sky130_fd_sc_hd__clkbuf_2)
                  0.05    0.11    0.29 ^ clkbuf_1_0_0_clk/X (sky130_fd_sc_hd__clkbuf_2)
     2    0.01                           clknet_1_0_0_clk (net)
                  0.05    0.00    0.29 ^ _27_/CLK (sky130_fd_sc_hd__dfxtp_4)
                  0.16    0.45    0.74 ^ _27_/Q (sky130_fd_sc_hd__dfxtp_4)
     5    0.04                           outputs[2] (net)
                  0.16    0.00    0.74 ^ outputs[2] (out)
                                  0.74   data arrival time

                         10.00   10.00   clock clk (rise edge)
                          0.00   10.00   clock network delay (propagated)
                         -0.25    9.75   clock uncertainty
                          0.00    9.75   clock reconvergence pessimism
                         -2.00    7.75   output external delay
                                  7.75   data required time
-----------------------------------------------------------------------------
                                  7.75   data required time
                                 -0.74   data arrival time
-----------------------------------------------------------------------------
                                  7.01   slack (MET)


Startpoint: _25_ (rising edge-triggered flip-flop clocked by clk)
Endpoint: outputs[0] (output port clocked by clk)
Path Group: clk
Path Type: max

Fanout     Cap    Slew   Delay    Time   Description
-----------------------------------------------------------------------------
                          0.00    0.00   clock clk (rise edge)
                          0.00    0.00   clock source latency
                  0.07    0.05    0.05 ^ clk (in)
     1    0.01                           clk (net)
                  0.07    0.00    0.05 ^ clkbuf_0_clk/A (sky130_fd_sc_hd__clkbuf_16)
                  0.04    0.13    0.18 ^ clkbuf_0_clk/X (sky130_fd_sc_hd__clkbuf_16)
     2    0.01                           clknet_0_clk (net)
                  0.04    0.00    0.18 ^ clkbuf_1_1_0_clk/A (sky130_fd_sc_hd__clkbuf_2)
                  0.05    0.11    0.29 ^ clkbuf_1_1_0_clk/X (sky130_fd_sc_hd__clkbuf_2)
     2    0.01                           clknet_1_1_0_clk (net)
                  0.05    0.00    0.29 ^ _25_/CLK (sky130_fd_sc_hd__dfxtp_4)
                  0.14    0.44    0.73 ^ _25_/Q (sky130_fd_sc_hd__dfxtp_4)
     4    0.04                           outputs[0] (net)
                  0.14    0.00    0.74 ^ outputs[0] (out)
                                  0.74   data arrival time

                         10.00   10.00   clock clk (rise edge)
                          0.00   10.00   clock network delay (propagated)
                         -0.25    9.75   clock uncertainty
                          0.00    9.75   clock reconvergence pessimism
                         -2.00    7.75   output external delay
                                  7.75   data required time
-----------------------------------------------------------------------------
                                  7.75   data required time
                                 -0.74   data arrival time
-----------------------------------------------------------------------------
                                  7.01   slack (MET)


