
===========================================================================
 report_clock_skew
============================================================================

======================== Slowest Corner ==================================

Clock clk
Latency      CRPR       Skew
_25_/CLK ^
   0.47
_27_/CLK ^
   0.42     -0.03       0.02


======================= Typical Corner ===================================

Clock clk
Latency      CRPR       Skew
_25_/CLK ^
   0.26
_27_/CLK ^
   0.24     -0.02       0.01


======================= Fastest Corner ===================================

Clock clk
Latency      CRPR       Skew
_25_/CLK ^
   0.18
_27_/CLK ^
   0.16     -0.01       0.01

