
===========================================================================
report_checks -unconstrained
============================================================================

======================= Slowest Corner ===================================

Startpoint: reset (input port clocked by clk)
Endpoint: chain (output port clocked by clk)
Path Group: clk
Path Type: max
Corner: ss

Fanout     Cap    Slew   Delay    Time   Description
-----------------------------------------------------------------------------
                          0.00    0.00   clock clk (rise edge)
                          0.00    0.00   clock network delay (propagated)
                          2.00    2.00 v input external delay
                  0.02    0.01    2.01 v reset (in)
     1    0.00                           reset (net)
                  0.02    0.00    2.01 v input1/A (sky130_fd_sc_hd__clkbuf_2)
                  0.15    0.26    2.27 v input1/X (sky130_fd_sc_hd__clkbuf_2)
     5    0.02                           net1 (net)
                  0.15    0.00    2.27 v _12_/A (sky130_fd_sc_hd__nor2_1)
                  0.20    0.26    2.53 ^ _12_/Y (sky130_fd_sc_hd__nor2_1)
     1    0.01                           buffers_in[0] (net)
                  0.20    0.00    2.53 ^ buffers[0]/A (sky130_fd_sc_hd__inv_2)
                  0.05    0.11    2.64 v buffers[0]/Y (sky130_fd_sc_hd__inv_2)
     1    0.01                           buffers_in[1] (net)
                  0.05    0.00    2.64 v buffers[1]/A (sky130_fd_sc_hd__inv_2)
                  0.05    0.08    2.72 ^ buffers[1]/Y (sky130_fd_sc_hd__inv_2)
     1    0.01                           buffers_in[2] (net)
                  0.05    0.00    2.72 ^ buffers[2]/A (sky130_fd_sc_hd__inv_2)
                  0.03    0.05    2.77 v buffers[2]/Y (sky130_fd_sc_hd__inv_2)
     1    0.00                           buffers_in[3] (net)
                  0.03    0.00    2.77 v buffers[3]/A (sky130_fd_sc_hd__inv_2)
                  0.05    0.06    2.83 ^ buffers[3]/Y (sky130_fd_sc_hd__inv_2)
     1    0.01                           buffers_in[4] (net)
                  0.05    0.00    2.84 ^ buffers[4]/A (sky130_fd_sc_hd__inv_2)
                  0.03    0.06    2.89 v buffers[4]/Y (sky130_fd_sc_hd__inv_2)
     1    0.01                           buffers_in[5] (net)
                  0.03    0.00    2.89 v buffers[5]/A (sky130_fd_sc_hd__inv_2)
                  0.05    0.07    2.96 ^ buffers[5]/Y (sky130_fd_sc_hd__inv_2)
     1    0.01                           buffers_in[6] (net)
                  0.05    0.00    2.96 ^ buffers[6]/A (sky130_fd_sc_hd__inv_2)
                  0.03    0.06    3.01 v buffers[6]/Y (sky130_fd_sc_hd__inv_2)
     1    0.00                           buffers_in[7] (net)
                  0.03    0.00    3.01 v buffers[7]/A (sky130_fd_sc_hd__inv_2)
                  0.05    0.06    3.08 ^ buffers[7]/Y (sky130_fd_sc_hd__inv_2)
     1    0.01                           buffers_in[8] (net)
                  0.05    0.00    3.08 ^ buffers[8]/A (sky130_fd_sc_hd__inv_2)
                  0.03    0.06    3.14 v buffers[8]/Y (sky130_fd_sc_hd__inv_2)
     1    0.01                           buffers_in[9] (net)
                  0.03    0.00    3.14 v buffers[9]/A (sky130_fd_sc_hd__inv_2)
                  0.28    0.24    3.38 ^ buffers[9]/Y (sky130_fd_sc_hd__inv_2)
     2    0.04                           chain (net)
                  0.28    0.00    3.38 ^ chain (out)
                                  3.38   data arrival time

                         10.00   10.00   clock clk (rise edge)
                          0.00   10.00   clock network delay (propagated)
                         -0.25    9.75   clock uncertainty
                          0.00    9.75   clock reconvergence pessimism
                         -2.00    7.75   output external delay
                                  7.75   data required time
-----------------------------------------------------------------------------
                                  7.75   data required time
                                 -3.38   data arrival time
-----------------------------------------------------------------------------
                                  4.37   slack (MET)



======================= Typical Corner ===================================

Startpoint: reset (input port clocked by clk)
Endpoint: chain (output port clocked by clk)
Path Group: clk
Path Type: max
Corner: tt

Fanout     Cap    Slew   Delay    Time   Description
-----------------------------------------------------------------------------
                          0.00    0.00   clock clk (rise edge)
                          0.00    0.00   clock network delay (propagated)
                          2.00    2.00 v input external delay
                  0.01    0.01    2.01 v reset (in)
     1    0.00                           reset (net)
                  0.01    0.00    2.01 v input1/A (sky130_fd_sc_hd__clkbuf_2)
                  0.08    0.14    2.15 v input1/X (sky130_fd_sc_hd__clkbuf_2)
     5    0.02                           net1 (net)
                  0.08    0.00    2.15 v _12_/A (sky130_fd_sc_hd__nor2_1)
                  0.12    0.15    2.29 ^ _12_/Y (sky130_fd_sc_hd__nor2_1)
     1    0.01                           buffers_in[0] (net)
                  0.12    0.00    2.29 ^ buffers[0]/A (sky130_fd_sc_hd__inv_2)
                  0.03    0.05    2.34 v buffers[0]/Y (sky130_fd_sc_hd__inv_2)
     1    0.01                           buffers_in[1] (net)
                  0.03    0.00    2.34 v buffers[1]/A (sky130_fd_sc_hd__inv_2)
                  0.03    0.05    2.39 ^ buffers[1]/Y (sky130_fd_sc_hd__inv_2)
     1    0.01                           buffers_in[2] (net)
                  0.03    0.00    2.39 ^ buffers[2]/A (sky130_fd_sc_hd__inv_2)
                  0.02    0.03    2.41 v buffers[2]/Y (sky130_fd_sc_hd__inv_2)
     1    0.00                           buffers_in[3] (net)
                  0.02    0.00    2.41 v buffers[3]/A (sky130_fd_sc_hd__inv_2)
                  0.03    0.04    2.45 ^ buffers[3]/Y (sky130_fd_sc_hd__inv_2)
     1    0.01                           buffers_in[4] (net)
                  0.03    0.00    2.45 ^ buffers[4]/A (sky130_fd_sc_hd__inv_2)
                  0.02    0.03    2.48 v buffers[4]/Y (sky130_fd_sc_hd__inv_2)
     1    0.01                           buffers_in[5] (net)
                  0.02    0.00    2.48 v buffers[5]/A (sky130_fd_sc_hd__inv_2)
                  0.03    0.04    2.52 ^ buffers[5]/Y (sky130_fd_sc_hd__inv_2)
     1    0.01                           buffers_in[6] (net)
                  0.03    0.00    2.52 ^ buffers[6]/A (sky130_fd_sc_hd__inv_2)
                  0.02    0.03    2.55 v buffers[6]/Y (sky130_fd_sc_hd__inv_2)
     1    0.00                           buffers_in[7] (net)
                  0.02    0.00    2.55 v buffers[7]/A (sky130_fd_sc_hd__inv_2)
                  0.03    0.04    2.59 ^ buffers[7]/Y (sky130_fd_sc_hd__inv_2)
     1    0.01                           buffers_in[8] (net)
                  0.03    0.00    2.59 ^ buffers[8]/A (sky130_fd_sc_hd__inv_2)
                  0.02    0.03    2.62 v buffers[8]/Y (sky130_fd_sc_hd__inv_2)
     1    0.01                           buffers_in[9] (net)
                  0.02    0.00    2.62 v buffers[9]/A (sky130_fd_sc_hd__inv_2)
                  0.18    0.15    2.77 ^ buffers[9]/Y (sky130_fd_sc_hd__inv_2)
     2    0.04                           chain (net)
                  0.18    0.00    2.77 ^ chain (out)
                                  2.77   data arrival time

                         10.00   10.00   clock clk (rise edge)
                          0.00   10.00   clock network delay (propagated)
                         -0.25    9.75   clock uncertainty
                          0.00    9.75   clock reconvergence pessimism
                         -2.00    7.75   output external delay
                                  7.75   data required time
-----------------------------------------------------------------------------
                                  7.75   data required time
                                 -2.77   data arrival time
-----------------------------------------------------------------------------
                                  4.98   slack (MET)



======================= Fastest Corner ===================================

Startpoint: reset (input port clocked by clk)
Endpoint: chain (output port clocked by clk)
Path Group: clk
Path Type: max
Corner: ff

Fanout     Cap    Slew   Delay    Time   Description
-----------------------------------------------------------------------------
                          0.00    0.00   clock clk (rise edge)
                          0.00    0.00   clock network delay (propagated)
                          2.00    2.00 v input external delay
                  0.01    0.00    2.00 v reset (in)
     1    0.00                           reset (net)
                  0.01    0.00    2.00 v input1/A (sky130_fd_sc_hd__clkbuf_2)
                  0.06    0.09    2.10 v input1/X (sky130_fd_sc_hd__clkbuf_2)
     5    0.02                           net1 (net)
                  0.06    0.00    2.10 v _12_/A (sky130_fd_sc_hd__nor2_1)
                  0.08    0.10    2.20 ^ _12_/Y (sky130_fd_sc_hd__nor2_1)
     1    0.01                           buffers_in[0] (net)
                  0.08    0.00    2.20 ^ buffers[0]/A (sky130_fd_sc_hd__inv_2)
                  0.02    0.02    2.22 v buffers[0]/Y (sky130_fd_sc_hd__inv_2)
     1    0.01                           buffers_in[1] (net)
                  0.02    0.00    2.22 v buffers[1]/A (sky130_fd_sc_hd__inv_2)
                  0.02    0.03    2.25 ^ buffers[1]/Y (sky130_fd_sc_hd__inv_2)
     1    0.01                           buffers_in[2] (net)
                  0.02    0.00    2.25 ^ buffers[2]/A (sky130_fd_sc_hd__inv_2)
                  0.01    0.02    2.27 v buffers[2]/Y (sky130_fd_sc_hd__inv_2)
     1    0.00                           buffers_in[3] (net)
                  0.01    0.00    2.27 v buffers[3]/A (sky130_fd_sc_hd__inv_2)
                  0.02    0.03    2.30 ^ buffers[3]/Y (sky130_fd_sc_hd__inv_2)
     1    0.01                           buffers_in[4] (net)
                  0.02    0.00    2.30 ^ buffers[4]/A (sky130_fd_sc_hd__inv_2)
                  0.01    0.02    2.32 v buffers[4]/Y (sky130_fd_sc_hd__inv_2)
     1    0.01                           buffers_in[5] (net)
                  0.01    0.00    2.32 v buffers[5]/A (sky130_fd_sc_hd__inv_2)
                  0.02    0.03    2.35 ^ buffers[5]/Y (sky130_fd_sc_hd__inv_2)
     1    0.01                           buffers_in[6] (net)
                  0.02    0.00    2.35 ^ buffers[6]/A (sky130_fd_sc_hd__inv_2)
                  0.01    0.02    2.36 v buffers[6]/Y (sky130_fd_sc_hd__inv_2)
     1    0.00                           buffers_in[7] (net)
                  0.01    0.00    2.36 v buffers[7]/A (sky130_fd_sc_hd__inv_2)
                  0.02    0.03    2.39 ^ buffers[7]/Y (sky130_fd_sc_hd__inv_2)
     1    0.01                           buffers_in[8] (net)
                  0.02    0.00    2.39 ^ buffers[8]/A (sky130_fd_sc_hd__inv_2)
                  0.01    0.02    2.41 v buffers[8]/Y (sky130_fd_sc_hd__inv_2)
     1    0.01                           buffers_in[9] (net)
                  0.01    0.00    2.41 v buffers[9]/A (sky130_fd_sc_hd__inv_2)
                  0.13    0.11    2.52 ^ buffers[9]/Y (sky130_fd_sc_hd__inv_2)
     2    0.04                           chain (net)
                  0.13    0.00    2.52 ^ chain (out)
                                  2.52   data arrival time

                         10.00   10.00   clock clk (rise edge)
                          0.00   10.00   clock network delay (propagated)
                         -0.25    9.75   clock uncertainty
                          0.00    9.75   clock reconvergence pessimism
                         -2.00    7.75   output external delay
                                  7.75   data required time
-----------------------------------------------------------------------------
                                  7.75   data required time
                                 -2.52   data arrival time
-----------------------------------------------------------------------------
                                  5.23   slack (MET)



===========================================================================
report_checks --slack_max -0.01
============================================================================

======================= Slowest Corner ===================================

No paths found.

======================= Typical Corner ===================================

No paths found.

======================= Fastest Corner ===================================

No paths found.
