
===========================================================================
 report_power
============================================================================


======================= Slowest Corner =================================

Group                  Internal  Switching    Leakage      Total
                          Power      Power      Power      Power
----------------------------------------------------------------
Sequential             1.34e-05   2.51e-06   6.43e-08   1.60e-05  36.2%
Combinational          2.04e-05   7.62e-06   1.50e-07   2.82e-05  63.8%
Macro                  0.00e+00   0.00e+00   0.00e+00   0.00e+00   0.0%
Pad                    0.00e+00   0.00e+00   0.00e+00   0.00e+00   0.0%
----------------------------------------------------------------
Total                  3.39e-05   1.01e-05   2.15e-07   4.42e-05 100.0%
                          76.6%      22.9%       0.5%

======================= Typical Corner ===================================

Group                  Internal  Switching    Leakage      Total
                          Power      Power      Power      Power
----------------------------------------------------------------
Sequential             1.71e-05   3.18e-06   3.45e-11   2.03e-05  36.8%
Combinational          2.50e-05   9.86e-06   4.25e-10   3.49e-05  63.2%
Macro                  0.00e+00   0.00e+00   0.00e+00   0.00e+00   0.0%
Pad                    0.00e+00   0.00e+00   0.00e+00   0.00e+00   0.0%
----------------------------------------------------------------
Total                  4.21e-05   1.30e-05   4.59e-10   5.52e-05 100.0%
                          76.4%      23.6%       0.0%


======================= Fastest Corner =================================

Group                  Internal  Switching    Leakage      Total
                          Power      Power      Power      Power
----------------------------------------------------------------
Sequential             1.98e-05   3.75e-06   8.30e-11   2.36e-05  36.9%
Combinational          2.85e-05   1.18e-05   5.23e-10   4.03e-05  63.1%
Macro                  0.00e+00   0.00e+00   0.00e+00   0.00e+00   0.0%
Pad                    0.00e+00   0.00e+00   0.00e+00   0.00e+00   0.0%
----------------------------------------------------------------
Total                  4.84e-05   1.55e-05   6.06e-10   6.39e-05 100.0%
                          75.7%      24.3%       0.0%
