OpenROAD 8d53e9b018dec98fa63e907ddeb6c5406f035361 
This program is licensed under the BSD-3 license. See the LICENSE file for details.
Components of this program may be licensed under more restrictive licenses which must be honored.
[INFO ODB-0222] Reading LEF file: /openlane/designs/wrapped_instrumented_adder/runs/RUN_2022.05.18_14.08.09/tmp/merged_unpadded.lef
[INFO ODB-0223]     Created 13 technology layers
[INFO ODB-0224]     Created 25 technology vias
[INFO ODB-0225]     Created 441 library cells
[INFO ODB-0226] Finished LEF file:  /openlane/designs/wrapped_instrumented_adder/runs/RUN_2022.05.18_14.08.09/tmp/merged_unpadded.lef
[INFO ODB-0127] Reading DEF file: /openlane/designs/wrapped_instrumented_adder/runs/RUN_2022.05.18_14.08.09/tmp/cts/13-resizer_timing.def
[INFO ODB-0128] Design: instrumented_adder
[INFO ODB-0130]     Created 9 pins.
[INFO ODB-0131]     Created 63 components and 314 component-terminals.
[INFO ODB-0132]     Created 2 special nets and 228 connections.
[INFO ODB-0133]     Created 33 nets and 86 connections.
[INFO ODB-0134] Finished DEF file: /openlane/designs/wrapped_instrumented_adder/runs/RUN_2022.05.18_14.08.09/tmp/cts/13-resizer_timing.def
Placement Analysis
---------------------------------
total displacement          0.0 u
average displacement        0.0 u
max displacement            0.0 u
original HPWL             485.7 u
legalized HPWL            509.0 u
delta HPWL                    5 %

[INFO DPL-0020] Mirrored 18 instances
[INFO DPL-0021] HPWL before             509.0 u
[INFO DPL-0022] HPWL after              485.7 u
[INFO DPL-0023] HPWL delta               -4.6 %
