OpenROAD 8d53e9b018dec98fa63e907ddeb6c5406f035361 
This program is licensed under the BSD-3 license. See the LICENSE file for details.
Components of this program may be licensed under more restrictive licenses which must be honored.
[INFO ODB-0222] Reading LEF file: /openlane/designs/wrapped_instrumented_adder/runs/RUN_2022.05.18_14.08.09/tmp/merged_unpadded.lef
[INFO ODB-0223]     Created 13 technology layers
[INFO ODB-0224]     Created 25 technology vias
[INFO ODB-0225]     Created 441 library cells
[INFO ODB-0226] Finished LEF file:  /openlane/designs/wrapped_instrumented_adder/runs/RUN_2022.05.18_14.08.09/tmp/merged_unpadded.lef
[WARNING ORD-0033] -order_wires is deprecated.
[INFO ODB-0127] Reading DEF file: /openlane/designs/wrapped_instrumented_adder/runs/RUN_2022.05.18_14.08.09/results/routing/instrumented_adder.def
[INFO ODB-0128] Design: instrumented_adder
[INFO ODB-0130]     Created 9 pins.
[INFO ODB-0131]     Created 150 components and 662 component-terminals.
[INFO ODB-0132]     Created 2 special nets and 576 connections.
[INFO ODB-0133]     Created 33 nets and 86 connections.
[INFO ODB-0134] Finished DEF file: /openlane/designs/wrapped_instrumented_adder/runs/RUN_2022.05.18_14.08.09/results/routing/instrumented_adder.def
[INFO]: Setting RC values...
[INFO RCX-0431] Defined process_corner X with ext_model_index 0
[INFO RCX-0029] Defined extraction corner X
[INFO RCX-0008] extracting parasitics of instrumented_adder ...
Notice 0: Split top of 7 T shapes.
[INFO RCX-0435] Reading extraction model file /home/matt/work/asic-workshop/shuttle5/pdk/sky130A/libs.tech/openlane/rcx_rules.info ...
[INFO RCX-0436] RC segment generation instrumented_adder (max_merge_res 50.0) ...
[INFO RCX-0040] Final 87 rc segments
[INFO RCX-0439] Coupling Cap extraction instrumented_adder ...
[INFO RCX-0440] Coupling threshhold is 0.1000 fF, coupling capacitance less than 0.1000 fF will be grounded.
[INFO RCX-0043] 162 wires to be extracted
[INFO RCX-0442] 52% completion -- 85 wires have been extracted
[INFO RCX-0442] 100% completion -- 162 wires have been extracted
[INFO RCX-0045] Extract 33 nets, 120 rsegs, 120 caps, 123 ccs
[INFO RCX-0015] Finished extracting instrumented_adder.
[INFO RCX-0016] Writing SPEF ...
[INFO RCX-0443] 33 nets finished
[INFO RCX-0017] Finished writing SPEF ...
