
===========================================================================
report_checks -unconstrained
============================================================================
Startpoint: reset (input port clocked by clk)
Endpoint: chain (output port clocked by clk)
Path Group: clk
Path Type: max

Fanout     Cap    Slew   Delay    Time   Description
-----------------------------------------------------------------------------
                  0.15    0.00    0.00   clock clk (rise edge)
                          0.00    0.00   clock network delay (ideal)
                          2.00    2.00 v input external delay
                  0.06    0.04    2.04 v reset (in)
     5    0.03                           reset (net)
                  0.06    0.00    2.04 v _12_/A (sky130_fd_sc_hd__nor2_2)
                  0.08    0.12    2.16 ^ _12_/Y (sky130_fd_sc_hd__nor2_2)
     1    0.00                           buffers_in[0] (net)
                  0.08    0.00    2.16 ^ buffers[0]/A (sky130_fd_sc_hd__inv_2)
                  0.03    0.04    2.20 v buffers[0]/Y (sky130_fd_sc_hd__inv_2)
     1    0.00                           buffers_in[1] (net)
                  0.03    0.00    2.20 v buffers[1]/A (sky130_fd_sc_hd__inv_2)
                  0.03    0.04    2.24 ^ buffers[1]/Y (sky130_fd_sc_hd__inv_2)
     1    0.00                           buffers_in[2] (net)
                  0.03    0.00    2.24 ^ buffers[2]/A (sky130_fd_sc_hd__inv_2)
                  0.01    0.03    2.27 v buffers[2]/Y (sky130_fd_sc_hd__inv_2)
     1    0.00                           buffers_in[3] (net)
                  0.01    0.00    2.27 v buffers[3]/A (sky130_fd_sc_hd__inv_2)
                  0.03    0.04    2.31 ^ buffers[3]/Y (sky130_fd_sc_hd__inv_2)
     1    0.00                           buffers_in[4] (net)
                  0.03    0.00    2.31 ^ buffers[4]/A (sky130_fd_sc_hd__inv_2)
                  0.01    0.03    2.33 v buffers[4]/Y (sky130_fd_sc_hd__inv_2)
     1    0.00                           buffers_in[5] (net)
                  0.01    0.00    2.33 v buffers[5]/A (sky130_fd_sc_hd__inv_2)
                  0.03    0.04    2.37 ^ buffers[5]/Y (sky130_fd_sc_hd__inv_2)
     1    0.00                           buffers_in[6] (net)
                  0.03    0.00    2.37 ^ buffers[6]/A (sky130_fd_sc_hd__inv_2)
                  0.01    0.03    2.40 v buffers[6]/Y (sky130_fd_sc_hd__inv_2)
     1    0.00                           buffers_in[7] (net)
                  0.01    0.00    2.40 v buffers[7]/A (sky130_fd_sc_hd__inv_2)
                  0.03    0.04    2.43 ^ buffers[7]/Y (sky130_fd_sc_hd__inv_2)
     1    0.00                           buffers_in[8] (net)
                  0.03    0.00    2.43 ^ buffers[8]/A (sky130_fd_sc_hd__inv_2)
                  0.01    0.03    2.46 v buffers[8]/Y (sky130_fd_sc_hd__inv_2)
     1    0.00                           buffers_in[9] (net)
                  0.01    0.00    2.46 v buffers[9]/A (sky130_fd_sc_hd__inv_2)
                  0.19    0.15    2.61 ^ buffers[9]/Y (sky130_fd_sc_hd__inv_2)
     2    0.04                           chain (net)
                  0.19    0.00    2.61 ^ chain (out)
                                  2.61   data arrival time

                  0.15   10.00   10.00   clock clk (rise edge)
                          0.00   10.00   clock network delay (ideal)
                         -0.25    9.75   clock uncertainty
                          0.00    9.75   clock reconvergence pessimism
                         -2.00    7.75   output external delay
                                  7.75   data required time
-----------------------------------------------------------------------------
                                  7.75   data required time
                                 -2.61   data arrival time
-----------------------------------------------------------------------------
                                  5.14   slack (MET)



===========================================================================
report_checks --slack_max -0.01
============================================================================
No paths found.
