
===========================================================================
report_checks -path_delay max (Setup)
============================================================================
Startpoint: reset (input port clocked by clk)
Endpoint: chain (output port clocked by clk)
Path Group: clk
Path Type: max

Fanout     Cap    Slew   Delay    Time   Description
-----------------------------------------------------------------------------
                  0.15    0.00    0.00   clock clk (rise edge)
                          0.00    0.00   clock network delay (ideal)
                          2.00    2.00 v input external delay
                  0.06    0.04    2.04 v reset (in)
     5    0.03                           reset (net)
                  0.06    0.00    2.04 v _12_/A (sky130_fd_sc_hd__nor2_2)
                  0.08    0.12    2.16 ^ _12_/Y (sky130_fd_sc_hd__nor2_2)
     1    0.00                           buffers_in[0] (net)
                  0.08    0.00    2.16 ^ buffers[0]/A (sky130_fd_sc_hd__inv_2)
                  0.03    0.04    2.20 v buffers[0]/Y (sky130_fd_sc_hd__inv_2)
     1    0.00                           buffers_in[1] (net)
                  0.03    0.00    2.20 v buffers[1]/A (sky130_fd_sc_hd__inv_2)
                  0.03    0.04    2.24 ^ buffers[1]/Y (sky130_fd_sc_hd__inv_2)
     1    0.00                           buffers_in[2] (net)
                  0.03    0.00    2.24 ^ buffers[2]/A (sky130_fd_sc_hd__inv_2)
                  0.01    0.03    2.27 v buffers[2]/Y (sky130_fd_sc_hd__inv_2)
     1    0.00                           buffers_in[3] (net)
                  0.01    0.00    2.27 v buffers[3]/A (sky130_fd_sc_hd__inv_2)
                  0.03    0.04    2.31 ^ buffers[3]/Y (sky130_fd_sc_hd__inv_2)
     1    0.00                           buffers_in[4] (net)
                  0.03    0.00    2.31 ^ buffers[4]/A (sky130_fd_sc_hd__inv_2)
                  0.01    0.03    2.33 v buffers[4]/Y (sky130_fd_sc_hd__inv_2)
     1    0.00                           buffers_in[5] (net)
                  0.01    0.00    2.33 v buffers[5]/A (sky130_fd_sc_hd__inv_2)
                  0.03    0.04    2.37 ^ buffers[5]/Y (sky130_fd_sc_hd__inv_2)
     1    0.00                           buffers_in[6] (net)
                  0.03    0.00    2.37 ^ buffers[6]/A (sky130_fd_sc_hd__inv_2)
                  0.01    0.03    2.40 v buffers[6]/Y (sky130_fd_sc_hd__inv_2)
     1    0.00                           buffers_in[7] (net)
                  0.01    0.00    2.40 v buffers[7]/A (sky130_fd_sc_hd__inv_2)
                  0.03    0.04    2.43 ^ buffers[7]/Y (sky130_fd_sc_hd__inv_2)
     1    0.00                           buffers_in[8] (net)
                  0.03    0.00    2.43 ^ buffers[8]/A (sky130_fd_sc_hd__inv_2)
                  0.01    0.03    2.46 v buffers[8]/Y (sky130_fd_sc_hd__inv_2)
     1    0.00                           buffers_in[9] (net)
                  0.01    0.00    2.46 v buffers[9]/A (sky130_fd_sc_hd__inv_2)
                  0.19    0.15    2.61 ^ buffers[9]/Y (sky130_fd_sc_hd__inv_2)
     2    0.04                           chain (net)
                  0.19    0.00    2.61 ^ chain (out)
                                  2.61   data arrival time

                  0.15   10.00   10.00   clock clk (rise edge)
                          0.00   10.00   clock network delay (ideal)
                         -0.25    9.75   clock uncertainty
                          0.00    9.75   clock reconvergence pessimism
                         -2.00    7.75   output external delay
                                  7.75   data required time
-----------------------------------------------------------------------------
                                  7.75   data required time
                                 -2.61   data arrival time
-----------------------------------------------------------------------------
                                  5.14   slack (MET)


Startpoint: reset (input port clocked by clk)
Endpoint: _28_ (rising edge-triggered flip-flop clocked by clk)
Path Group: clk
Path Type: max

Fanout     Cap    Slew   Delay    Time   Description
-----------------------------------------------------------------------------
                  0.15    0.00    0.00   clock clk (rise edge)
                          0.00    0.00   clock network delay (ideal)
                          2.00    2.00 v input external delay
                  0.06    0.05    2.05 v reset (in)
     5    0.03                           reset (net)
                  0.06    0.00    2.05 v _21_/B1 (sky130_fd_sc_hd__a41o_2)
                  0.03    0.23    2.28 v _21_/X (sky130_fd_sc_hd__a41o_2)
     1    0.00                           _09_ (net)
                  0.03    0.00    2.28 v _23_/A_N (sky130_fd_sc_hd__and2b_2)
                  0.04    0.20    2.48 ^ _23_/X (sky130_fd_sc_hd__and2b_2)
     1    0.00                           _11_ (net)
                  0.04    0.00    2.48 ^ _24_/A (sky130_fd_sc_hd__buf_1)
                  0.04    0.07    2.55 ^ _24_/X (sky130_fd_sc_hd__buf_1)
     1    0.00                           _03_ (net)
                  0.04    0.00    2.55 ^ _28_/D (sky130_fd_sc_hd__dfxtp_2)
                                  2.55   data arrival time

                  0.15   10.00   10.00   clock clk (rise edge)
                          0.00   10.00   clock network delay (ideal)
                         -0.25    9.75   clock uncertainty
                          0.00    9.75   clock reconvergence pessimism
                                  9.75 ^ _28_/CLK (sky130_fd_sc_hd__dfxtp_2)
                         -0.04    9.71   library setup time
                                  9.71   data required time
-----------------------------------------------------------------------------
                                  9.71   data required time
                                 -2.55   data arrival time
-----------------------------------------------------------------------------
                                  7.15   slack (MET)


Startpoint: _27_ (rising edge-triggered flip-flop clocked by clk)
Endpoint: outputs[2] (output port clocked by clk)
Path Group: clk
Path Type: max

Fanout     Cap    Slew   Delay    Time   Description
-----------------------------------------------------------------------------
                  0.15    0.00    0.00   clock clk (rise edge)
                          0.00    0.00   clock network delay (ideal)
                  0.15    0.00    0.00 ^ _27_/CLK (sky130_fd_sc_hd__dfxtp_2)
                  0.26    0.54    0.54 ^ _27_/Q (sky130_fd_sc_hd__dfxtp_2)
     5    0.05                           outputs[2] (net)
                  0.26    0.00    0.54 ^ outputs[2] (out)
                                  0.54   data arrival time

                  0.15   10.00   10.00   clock clk (rise edge)
                          0.00   10.00   clock network delay (ideal)
                         -0.25    9.75   clock uncertainty
                          0.00    9.75   clock reconvergence pessimism
                         -2.00    7.75   output external delay
                                  7.75   data required time
-----------------------------------------------------------------------------
                                  7.75   data required time
                                 -0.54   data arrival time
-----------------------------------------------------------------------------
                                  7.21   slack (MET)


Startpoint: _25_ (rising edge-triggered flip-flop clocked by clk)
Endpoint: outputs[0] (output port clocked by clk)
Path Group: clk
Path Type: max

Fanout     Cap    Slew   Delay    Time   Description
-----------------------------------------------------------------------------
                  0.15    0.00    0.00   clock clk (rise edge)
                          0.00    0.00   clock network delay (ideal)
                  0.15    0.00    0.00 ^ _25_/CLK (sky130_fd_sc_hd__dfxtp_2)
                  0.24    0.52    0.52 ^ _25_/Q (sky130_fd_sc_hd__dfxtp_2)
     4    0.04                           outputs[0] (net)
                  0.24    0.00    0.52 ^ outputs[0] (out)
                                  0.52   data arrival time

                  0.15   10.00   10.00   clock clk (rise edge)
                          0.00   10.00   clock network delay (ideal)
                         -0.25    9.75   clock uncertainty
                          0.00    9.75   clock reconvergence pessimism
                         -2.00    7.75   output external delay
                                  7.75   data required time
-----------------------------------------------------------------------------
                                  7.75   data required time
                                 -0.52   data arrival time
-----------------------------------------------------------------------------
                                  7.23   slack (MET)


Startpoint: _26_ (rising edge-triggered flip-flop clocked by clk)
Endpoint: outputs[1] (output port clocked by clk)
Path Group: clk
Path Type: max

Fanout     Cap    Slew   Delay    Time   Description
-----------------------------------------------------------------------------
                  0.15    0.00    0.00   clock clk (rise edge)
                          0.00    0.00   clock network delay (ideal)
                  0.15    0.00    0.00 ^ _26_/CLK (sky130_fd_sc_hd__dfxtp_2)
                  0.23    0.51    0.51 ^ _26_/Q (sky130_fd_sc_hd__dfxtp_2)
     3    0.04                           outputs[1] (net)
                  0.23    0.00    0.51 ^ outputs[1] (out)
                                  0.51   data arrival time

                  0.15   10.00   10.00   clock clk (rise edge)
                          0.00   10.00   clock network delay (ideal)
                         -0.25    9.75   clock uncertainty
                          0.00    9.75   clock reconvergence pessimism
                         -2.00    7.75   output external delay
                                  7.75   data required time
-----------------------------------------------------------------------------
                                  7.75   data required time
                                 -0.51   data arrival time
-----------------------------------------------------------------------------
                                  7.24   slack (MET)


