
===========================================================================
report_checks -path_delay max (Setup)
============================================================================
Startpoint: reset (input port clocked by clk)
Endpoint: chain (output port clocked by clk)
Path Group: clk
Path Type: max

Fanout     Cap    Slew   Delay    Time   Description
-----------------------------------------------------------------------------
                  0.15    0.00    0.00   clock clk (rise edge)
                          0.00    0.00   clock network delay (ideal)
                          2.00    2.00 v input external delay
                  0.01    0.01    2.01 v reset (in)
     1    0.00                           reset (net)
                  0.01    0.00    2.01 v input1/A (sky130_fd_sc_hd__clkbuf_2)
                  0.09    0.15    2.15 v input1/X (sky130_fd_sc_hd__clkbuf_2)
     5    0.02                           net1 (net)
                  0.09    0.00    2.15 v _12_/A (sky130_fd_sc_hd__nor2_1)
                  0.12    0.15    2.30 ^ _12_/Y (sky130_fd_sc_hd__nor2_1)
     1    0.01                           buffers_in[0] (net)
                  0.12    0.00    2.30 ^ buffers[0]/A (sky130_fd_sc_hd__inv_2)
                  0.03    0.05    2.35 v buffers[0]/Y (sky130_fd_sc_hd__inv_2)
     1    0.00                           buffers_in[1] (net)
                  0.03    0.00    2.35 v buffers[1]/A (sky130_fd_sc_hd__inv_2)
                  0.03    0.05    2.39 ^ buffers[1]/Y (sky130_fd_sc_hd__inv_2)
     1    0.01                           buffers_in[2] (net)
                  0.03    0.00    2.39 ^ buffers[2]/A (sky130_fd_sc_hd__inv_2)
                  0.02    0.03    2.42 v buffers[2]/Y (sky130_fd_sc_hd__inv_2)
     1    0.00                           buffers_in[3] (net)
                  0.02    0.00    2.42 v buffers[3]/A (sky130_fd_sc_hd__inv_2)
                  0.03    0.04    2.46 ^ buffers[3]/Y (sky130_fd_sc_hd__inv_2)
     1    0.01                           buffers_in[4] (net)
                  0.03    0.00    2.46 ^ buffers[4]/A (sky130_fd_sc_hd__inv_2)
                  0.02    0.03    2.49 v buffers[4]/Y (sky130_fd_sc_hd__inv_2)
     1    0.01                           buffers_in[5] (net)
                  0.02    0.00    2.49 v buffers[5]/A (sky130_fd_sc_hd__inv_2)
                  0.03    0.04    2.53 ^ buffers[5]/Y (sky130_fd_sc_hd__inv_2)
     1    0.01                           buffers_in[6] (net)
                  0.03    0.00    2.53 ^ buffers[6]/A (sky130_fd_sc_hd__inv_2)
                  0.02    0.03    2.56 v buffers[6]/Y (sky130_fd_sc_hd__inv_2)
     1    0.01                           buffers_in[7] (net)
                  0.02    0.00    2.56 v buffers[7]/A (sky130_fd_sc_hd__inv_2)
                  0.03    0.04    2.60 ^ buffers[7]/Y (sky130_fd_sc_hd__inv_2)
     1    0.01                           buffers_in[8] (net)
                  0.03    0.00    2.60 ^ buffers[8]/A (sky130_fd_sc_hd__inv_2)
                  0.02    0.03    2.63 v buffers[8]/Y (sky130_fd_sc_hd__inv_2)
     1    0.01                           buffers_in[9] (net)
                  0.02    0.00    2.63 v buffers[9]/A (sky130_fd_sc_hd__inv_2)
                  0.18    0.15    2.78 ^ buffers[9]/Y (sky130_fd_sc_hd__inv_2)
     2    0.04                           chain (net)
                  0.18    0.00    2.78 ^ chain (out)
                                  2.78   data arrival time

                  0.15   10.00   10.00   clock clk (rise edge)
                          0.00   10.00   clock network delay (ideal)
                         -0.25    9.75   clock uncertainty
                          0.00    9.75   clock reconvergence pessimism
                         -2.00    7.75   output external delay
                                  7.75   data required time
-----------------------------------------------------------------------------
                                  7.75   data required time
                                 -2.78   data arrival time
-----------------------------------------------------------------------------
                                  4.97   slack (MET)


Startpoint: reset (input port clocked by clk)
Endpoint: _28_ (rising edge-triggered flip-flop clocked by clk)
Path Group: clk
Path Type: max

Fanout     Cap    Slew   Delay    Time   Description
-----------------------------------------------------------------------------
                  0.15    0.00    0.00   clock clk (rise edge)
                          0.00    0.00   clock network delay (ideal)
                          2.00    2.00 v input external delay
                  0.01    0.01    2.01 v reset (in)
     1    0.00                           reset (net)
                  0.01    0.00    2.01 v input1/A (sky130_fd_sc_hd__clkbuf_2)
                  0.09    0.15    2.15 v input1/X (sky130_fd_sc_hd__clkbuf_2)
     5    0.02                           net1 (net)
                  0.09    0.00    2.15 v _21_/B1 (sky130_fd_sc_hd__a41o_1)
                  0.04    0.22    2.37 v _21_/X (sky130_fd_sc_hd__a41o_1)
     1    0.00                           _09_ (net)
                  0.04    0.00    2.37 v _23_/A_N (sky130_fd_sc_hd__and2b_1)
                  0.04    0.18    2.56 ^ _23_/X (sky130_fd_sc_hd__and2b_1)
     1    0.00                           _11_ (net)
                  0.04    0.00    2.56 ^ _24_/A (sky130_fd_sc_hd__clkbuf_1)
                  0.04    0.08    2.63 ^ _24_/X (sky130_fd_sc_hd__clkbuf_1)
     1    0.00                           _03_ (net)
                  0.04    0.00    2.63 ^ _28_/D (sky130_fd_sc_hd__dfxtp_2)
                                  2.63   data arrival time

                  0.15   10.00   10.00   clock clk (rise edge)
                          0.00   10.00   clock network delay (ideal)
                         -0.25    9.75   clock uncertainty
                          0.00    9.75   clock reconvergence pessimism
                                  9.75 ^ _28_/CLK (sky130_fd_sc_hd__dfxtp_2)
                         -0.04    9.71   library setup time
                                  9.71   data required time
-----------------------------------------------------------------------------
                                  9.71   data required time
                                 -2.63   data arrival time
-----------------------------------------------------------------------------
                                  7.07   slack (MET)


Startpoint: _28_ (rising edge-triggered flip-flop clocked by clk)
Endpoint: outputs[3] (output port clocked by clk)
Path Group: clk
Path Type: max

Fanout     Cap    Slew   Delay    Time   Description
-----------------------------------------------------------------------------
                  0.15    0.00    0.00   clock clk (rise edge)
                          0.00    0.00   clock network delay (ideal)
                  0.15    0.00    0.00 ^ _28_/CLK (sky130_fd_sc_hd__dfxtp_2)
                  0.23    0.51    0.51 ^ _28_/Q (sky130_fd_sc_hd__dfxtp_2)
     3    0.04                           outputs[3] (net)
                  0.23    0.00    0.51 ^ outputs[3] (out)
                                  0.51   data arrival time

                  0.15   10.00   10.00   clock clk (rise edge)
                          0.00   10.00   clock network delay (ideal)
                         -0.25    9.75   clock uncertainty
                          0.00    9.75   clock reconvergence pessimism
                         -2.00    7.75   output external delay
                                  7.75   data required time
-----------------------------------------------------------------------------
                                  7.75   data required time
                                 -0.51   data arrival time
-----------------------------------------------------------------------------
                                  7.24   slack (MET)


Startpoint: _26_ (rising edge-triggered flip-flop clocked by clk)
Endpoint: outputs[1] (output port clocked by clk)
Path Group: clk
Path Type: max

Fanout     Cap    Slew   Delay    Time   Description
-----------------------------------------------------------------------------
                  0.15    0.00    0.00   clock clk (rise edge)
                          0.00    0.00   clock network delay (ideal)
                  0.15    0.00    0.00 ^ _26_/CLK (sky130_fd_sc_hd__dfxtp_2)
                  0.22    0.51    0.51 ^ _26_/Q (sky130_fd_sc_hd__dfxtp_2)
     3    0.04                           outputs[1] (net)
                  0.22    0.00    0.51 ^ outputs[1] (out)
                                  0.51   data arrival time

                  0.15   10.00   10.00   clock clk (rise edge)
                          0.00   10.00   clock network delay (ideal)
                         -0.25    9.75   clock uncertainty
                          0.00    9.75   clock reconvergence pessimism
                         -2.00    7.75   output external delay
                                  7.75   data required time
-----------------------------------------------------------------------------
                                  7.75   data required time
                                 -0.51   data arrival time
-----------------------------------------------------------------------------
                                  7.24   slack (MET)


Startpoint: reset (input port clocked by clk)
Endpoint: _27_ (rising edge-triggered flip-flop clocked by clk)
Path Group: clk
Path Type: max

Fanout     Cap    Slew   Delay    Time   Description
-----------------------------------------------------------------------------
                  0.15    0.00    0.00   clock clk (rise edge)
                          0.00    0.00   clock network delay (ideal)
                          2.00    2.00 v input external delay
                  0.01    0.01    2.01 v reset (in)
     1    0.00                           reset (net)
                  0.01    0.00    2.01 v input1/A (sky130_fd_sc_hd__clkbuf_2)
                  0.09    0.15    2.15 v input1/X (sky130_fd_sc_hd__clkbuf_2)
     5    0.02                           net1 (net)
                  0.09    0.00    2.15 v _19_/B1 (sky130_fd_sc_hd__a31o_1)
                  0.04    0.20    2.36 v _19_/X (sky130_fd_sc_hd__a31o_1)
     1    0.00                           _08_ (net)
                  0.04    0.00    2.36 v _20_/B (sky130_fd_sc_hd__nor2_1)
                  0.07    0.08    2.43 ^ _20_/Y (sky130_fd_sc_hd__nor2_1)
     1    0.00                           _02_ (net)
                  0.07    0.00    2.43 ^ _27_/D (sky130_fd_sc_hd__dfxtp_4)
                                  2.43   data arrival time

                  0.15   10.00   10.00   clock clk (rise edge)
                          0.00   10.00   clock network delay (ideal)
                         -0.25    9.75   clock uncertainty
                          0.00    9.75   clock reconvergence pessimism
                                  9.75 ^ _27_/CLK (sky130_fd_sc_hd__dfxtp_4)
                         -0.05    9.70   library setup time
                                  9.70   data required time
-----------------------------------------------------------------------------
                                  9.70   data required time
                                 -2.43   data arrival time
-----------------------------------------------------------------------------
                                  7.26   slack (MET)


