matt-desktop:2124 [main]: ngspice simulation.spice
******
** ngspice-34 : Circuit level simulation program
** The U. C. Berkeley CAD Group
** Copyright 1985-1994, Regents of the University of California.
** Copyright 2001-2020, The ngspice team.
** Please get your ngspice manual from http://ngspice.sourceforge.net/docs.html
** Please file your bug-reports at http://ngspice.sourceforge.net/bugrep.html
** Creation Date: Mon Mar  8 15:00:11 UTC 2021
******

No compatibility mode selected!

Warning: redefinition of .subckt sky130_fd_sc_hd__fill_1, ignored
Warning: redefinition of .subckt sky130_fd_sc_hd__decap_6, ignored
Warning: redefinition of .subckt sky130_fd_sc_hd__inv_2, ignored
Warning: redefinition of .subckt sky130_fd_sc_hd__dfrtp_4, ignored
Warning: redefinition of .subckt sky130_fd_sc_hd__decap_12, ignored
Warning: redefinition of .subckt sky130_fd_sc_hd__decap_8, ignored
Warning: redefinition of .subckt sky130_fd_sc_hd__o21ai_1, ignored
Warning: redefinition of .subckt sky130_fd_sc_hd__decap_4, ignored
Warning: redefinition of .subckt sky130_fd_sc_hd__o211a_1, ignored
Warning: redefinition of .subckt sky130_fd_sc_hd__fill_2, ignored
Warning: redefinition of .subckt sky130_fd_sc_hd__decap_3, ignored
Warning: redefinition of .subckt sky130_fd_sc_hd__nor2_1, ignored
Warning: redefinition of .subckt sky130_fd_sc_hd__nand2_1, ignored
Warning: redefinition of .subckt sky130_fd_sc_hd__o311a_1, ignored
Warning: redefinition of .subckt sky130_fd_sc_hd__xnor2_1, ignored
Warning: redefinition of .subckt sky130_fd_sc_hd__clkbuf_1, ignored
Warning: redefinition of .subckt sky130_fd_sc_hd__clkbuf_16, ignored
Warning: redefinition of .subckt sky130_fd_sc_hd__and2_1, ignored
Warning: redefinition of .subckt sky130_fd_sc_hd__or2_1, ignored
Warning: redefinition of .subckt sky130_fd_sc_hd__clkinv_2, ignored
Warning: redefinition of .subckt sky130_fd_sc_hd__nand2_4, ignored
Warning: redefinition of .subckt sky130_fd_sc_hd__dfxtp_1, ignored
Warning: redefinition of .subckt sky130_fd_sc_hd__a211o_1, ignored
Warning: redefinition of .subckt sky130_fd_sc_hd__a21oi_1, ignored
Warning: redefinition of .subckt sky130_fd_sc_hd__dlymetal6s2s_1, ignored
Warning: redefinition of .subckt sky130_fd_sc_hd__and3_1, ignored
Warning: redefinition of .subckt sky130_fd_sc_hd__clkbuf_2, ignored
Warning: redefinition of .subckt sky130_fd_sc_hd__xor2_1, ignored
Warning: redefinition of .subckt sky130_fd_sc_hd__buf_2, ignored
Warning: redefinition of .subckt sky130_fd_sc_hd__tapvpwrvgnd_1, ignored
Warning: redefinition of .subckt sky130_fd_sc_hd__o21ba_1, ignored
Warning: redefinition of .subckt sky130_fd_sc_hd__a211oi_1, ignored
Warning: redefinition of .subckt sky130_fd_sc_hd__or3_1, ignored
Warning: redefinition of .subckt sky130_fd_sc_hd__and4_1, ignored
Warning: redefinition of .subckt sky130_fd_sc_hd__nor2_4, ignored
Warning: redefinition of .subckt sky130_fd_sc_hd__or3_4, ignored
Warning: redefinition of .subckt sky130_fd_sc_hd__or3_2, ignored
Warning: redefinition of .subckt sky130_fd_sc_hd__o211ai_1, ignored
Warning: redefinition of .subckt sky130_fd_sc_hd__a31o_1, ignored

Circuit: standard cell simulation

Scale set to 1e-06
Doing analysis at TEMP = 27.000000 and TNOM = 27.000000

Warning: include: has no value, DC 0 assumed
Warning: vreset: no DC value, transient time 0 value used
Warning: vclk: no DC value, transient time 0 value used
Note: Starting true gmin stepping
Trying gmin =   1.0000E-03 Note: One successful gmin step
Trying gmin =   1.0000E-04 Note: One successful gmin step
Trying gmin =   1.0000E-05 Warning: Further gmin increment
Trying gmin =   5.6234E-05 Note: One successful gmin step
Trying gmin =   3.1623E-05 Note: One successful gmin step
Trying gmin =   1.3335E-05 Warning: Further gmin increment
Trying gmin =   2.5483E-05 Warning: Further gmin increment
Trying gmin =   2.9961E-05 Warning: Further gmin increment
Trying gmin =   3.1199E-05 Warning: Further gmin increment
Trying gmin =   3.1516E-05 Note: One successful gmin step
Trying gmin =   3.1357E-05 Warning: Further gmin increment
Trying gmin =   3.1476E-05 Note: One successful gmin step
Trying gmin =   3.1417E-05 Warning: Further gmin increment
Trying gmin =   3.1462E-05 Warning: Further gmin increment
Trying gmin =   3.1473E-05 Note: One successful gmin step
Trying gmin =   3.1467E-05 Warning: Further gmin increment
Trying gmin =   3.1471E-05 Note: One successful gmin step
Trying gmin =   3.1469E-05 Warning: Further gmin increment
Trying gmin =   3.1471E-05 Note: One successful gmin step
Trying gmin =   3.1470E-05 Warning: Last gmin step failed
Warning: True gmin stepping failed
Note: Starting dynamic gmin stepping
Trying gmin =   1.0000E-03 Note: One successful gmin step
Trying gmin =   1.0000E-04 Note: One successful gmin step
Trying gmin =   1.0000E-05 Warning: Further gmin increment
Trying gmin =   5.6234E-05 Note: One successful gmin step
Trying gmin =   2.3714E-05 Note: One successful gmin step
Trying gmin =   6.4938E-06 Warning: Further gmin increment
Trying gmin =   1.7154E-05 Warning: Further gmin increment
Trying gmin =   2.1870E-05 Note: One successful gmin step
Trying gmin =   1.9369E-05 Note: One successful gmin step
Trying gmin =   1.6144E-05 Warning: Further gmin increment
Trying gmin =   1.8507E-05 Warning: Further gmin increment
Trying gmin =   1.9150E-05 Note: One successful gmin step
Trying gmin =   1.8826E-05 Note: One successful gmin step
Trying gmin =   1.8350E-05 Warning: Further gmin increment
Trying gmin =   1.8705E-05 Warning: Further gmin increment
Trying gmin =   1.8796E-05 Note: One successful gmin step
Trying gmin =   1.8750E-05 Warning: Further gmin increment
Trying gmin =   1.8784E-05 Note: One successful gmin step
Trying gmin =   1.8767E-05 Warning: Further gmin increment
Trying gmin =   1.8780E-05 Warning: Further gmin increment
Trying gmin =   1.8783E-05 Note: One successful gmin step
Trying gmin =   1.8782E-05 Note: One successful gmin step
Trying gmin =   1.8779E-05 Warning: Further gmin increment
Trying gmin =   1.8781E-05 Warning: Last gmin step failed
Warning: Dynamic gmin stepping failed
Note: Starting source stepping
Supplies reduced to   0.0000%
Trying gmin =   1.0000E-02 Note: One successful gmin step
Trying gmin =   1.0000E-03 Note: One successful gmin step
Trying gmin =   1.0000E-04 Note: One successful gmin step
Trying gmin =   1.0000E-05 Note: One successful gmin step
Trying gmin =   1.0000E-06 Note: One successful gmin step
Trying gmin =   1.0000E-07 Note: One successful gmin step
Trying gmin =   1.0000E-08 Note: One successful gmin step
Trying gmin =   1.0000E-09 Note: One successful gmin step
Trying gmin =   1.0000E-10 Note: One successful gmin step
Trying gmin =   1.0000E-11 Note: One successful gmin step
Trying gmin =   1.0000E-12 Note: One successful gmin step
Note: One successful source step
Supplies reduced to   0.1000% Note: One successful source step
Supplies reduced to   0.2000% Note: One successful source step
Supplies reduced to   0.3500% Note: One successful source step
Supplies reduced to   0.5750% Note: One successful source step
Supplies reduced to   0.9125% Note: One successful source step
Supplies reduced to   1.4188% Note: One successful source step
Supplies reduced to   2.1781% Note: One successful source step
Supplies reduced to   3.3172% Note: One successful source step
Supplies reduced to   5.0258% Note: One successful source step
Supplies reduced to   7.5887% Note: One successful source step
Supplies reduced to  11.4330% Supplies reduced to   7.5887% Note: One successful source step
Supplies reduced to   8.1653% Note: One successful source step
Supplies reduced to   9.0303% Note: One successful source step
Supplies reduced to  10.3278% Supplies reduced to   9.0303% Note: One successful source step
Supplies reduced to   9.2249% Note: One successful source step
Supplies reduced to   9.5168% Note: One successful source step
Supplies reduced to   9.9547% Note: One successful source step
Supplies reduced to  10.6116% Supplies reduced to   9.9547% Note: One successful source step
Supplies reduced to  10.0533% Supplies reduced to   9.9547% Note: One successful source step
Supplies reduced to   9.9695% Note: One successful source step
Supplies reduced to   9.9917% Note: One successful source step
Supplies reduced to  10.0249% Supplies reduced to   9.9917% Note: One successful source step
Supplies reduced to   9.9967% Note: One successful source step
Supplies reduced to  10.0042% Note: One successful source step
Supplies reduced to  10.0154% Note: One successful source step
Supplies reduced to  10.0322% Supplies reduced to  10.0154% Note: One successful source step
Supplies reduced to  10.0179% Note: One successful source step
Supplies reduced to  10.0217% Note: One successful source step
Supplies reduced to  10.0274% Supplies reduced to  10.0217% Note: One successful source step
Supplies reduced to  10.0225% Note: One successful source step
Supplies reduced to  10.0238% Note: One successful source step
Supplies reduced to  10.0257% Note: One successful source step
Supplies reduced to  10.0286% Note: One successful source step
Supplies reduced to  10.0329% Note: One successful source step
Supplies reduced to  10.0394% Note: One successful source step
Supplies reduced to  10.0491% Note: One successful source step
Supplies reduced to  10.0637% Note: One successful source step
Supplies reduced to  10.0855% Note: One successful source step
Supplies reduced to  10.1183% Note: One successful source step
Supplies reduced to  10.1674% Note: One successful source step
Supplies reduced to  10.2411% Note: One successful source step
Supplies reduced to  10.3517% Note: One successful source step
Supplies reduced to  10.5176% Note: One successful source step
Supplies reduced to  10.7664% Note: One successful source step
Supplies reduced to  11.1395% Note: One successful source step
Supplies reduced to  11.6993% Note: One successful source step
Supplies reduced to  12.5390% Note: One successful source step
Supplies reduced to  13.7985% Note: One successful source step
Supplies reduced to  15.0580% Supplies reduced to  13.7985% Note: One successful source step
Supplies reduced to  13.9244% Supplies reduced to  13.7985% Note: One successful source step
Supplies reduced to  13.8111% Note: One successful source step
Supplies reduced to  13.8300% Note: One successful source step
Supplies reduced to  13.8489% Note: One successful source step
Supplies reduced to  13.8678% Note: One successful source step
Supplies reduced to  13.8772% Note: One successful source step
Supplies reduced to  13.8914% Note: One successful source step
Supplies reduced to  13.9055% Note: One successful source step
Supplies reduced to  13.9268% Note: One successful source step
Supplies reduced to  13.9374% Note: One successful source step
Supplies reduced to  13.9481% Note: One successful source step
Supplies reduced to  13.9587% Note: One successful source step
Supplies reduced to  13.9746% Supplies reduced to  13.9587% Warning: source stepping failed

Transient solution failed -

Last Node Voltages
------------------

Node                                   Last Voltage        Previous Iter
----                                   ------------        -------------
sky130_fd_pr__esd_nfet_05v0_nvt.pm3                    0                    0
                                                  0                    0
vpwr                                       0.251256             0.251256
vgnd                                              0                    0
xpoc.buffers\[7\]._0_/a                    0.112633             0.112633
xpoc.buffers\[6\]._0_/a                    0.112633             0.112633
xpoc._131_/d                               0.249994             0.249994
ring_osc_counter_out[0]                  0.00102974           0.00102974
xpoc._077_/y                               0.249163             0.249163
xpoc._102_/y                              0.0126121            0.0126121
xpoc._119_/b                                0.24928              0.24928
xpoc._114_/y                               0.249469             0.249469
xpoc._113_/y                            0.000478476          0.000478476
xpoc._141_/q                               0.249241             0.249241
xpoc._146_/q                               0.249241             0.249241
xpoc._145_/q                               0.249241             0.249241
xpoc._119_/a                                0.24928              0.24928
xpoc._128_/b                               0.249252             0.249252
xpoc._146_/d                               0.248842             0.248842
xpoc.buffers\[5\]._0_/a                    0.112633             0.112633
xpoc._140_/q                               0.249241             0.249241
xpoc._139_/q                                0.24924              0.24924
xpoc._112_/y                             0.00394376           0.00394376
xpoc.buffers\[4\]._0_/a                    0.112633             0.112633
xpoc._110_/y                            0.000961778          0.000961778
xpoc._139_/d                            0.000959598          0.000959598
xpoc.buffers\[3\]._0_/a                    0.112633             0.112633
xpoc.buffers\[2\]._0_/a                    0.112633             0.112633
xpoc.buffers\[1\]._0_/a                    0.112633             0.112633
ring_osc_counter_out[7]                  0.00104116           0.00104116
xpoc._099_/b                               0.250283             0.250283
xpoc._138_/d                             0.00397278           0.00397278
xpoc._098_/a                             0.00106095           0.00106095
xpoc._137_/d                            0.000914378          0.000914378
xpoc._083_/y                               0.112633             0.112633
xpoc.clkbuf_0_clk/x                      0.00288542           0.00288542
clk                                               0                    0
xpoc._097_/b                             0.00134184           0.00134184
ring_osc_counter_out[6]                  0.00104116           0.00104116
xpoc._096_/b                            0.000935414          0.000935414
xpoc.buffers\[20\]._0_/a                   0.140316             0.140609 *
xpoc.buffers\[19\]._0_/a                   0.105509             0.105436
xpoc._109_/a                                  0.139                0.139
chain                                     0.0766904            0.0766904
xpoc._109_/b                               0.249172             0.249172
xpoc._136_/d                              0.0010746            0.0010746
xpoc._094_/b                               0.245108             0.245108
xpoc.buffers\[18\]._0_/a                   0.114519             0.114539
xpoc._146_/clk                           0.00289873           0.00289873
xpoc._077_/a                             0.00288969           0.00288969
xpoc._125_/x                            0.000963255          0.000963255
xpoc._145_/d                               0.249237             0.249237
xpoc._127_/y                            0.000961755          0.000961755
xpoc._128_/x                               0.248462             0.248462
xpoc._092_/c                            0.000928544          0.000928544
ring_osc_counter_out[4]                  0.00102907           0.00102907
ring_osc_counter_out[5]                  0.00104116           0.00104116
xpoc.input1/x                              0.249173             0.249173
b[0]                                       0.251256             0.251256
xpoc._076_/y                               0.249163             0.249163
xpoc.buffers\[17\]._0_/a                   0.112139             0.112133
bypass                                            0                    0
xpoc.input2/x                           0.000912843          0.000912843
xpoc._144_/d                               0.249055             0.249055
xpoc._144_/q                               0.249241             0.249241
xpoc._075_/a                            0.000953564          0.000953564
xpoc.buffers\[16\]._0_/a                   0.112763             0.112765
xpoc._135_/d                             0.00114381           0.00114381
extra_inverter                             0.251256             0.251256
xpoc._083_/a                               0.249208             0.249208
xpoc._143_/d                               0.221338             0.221338
xpoc._143_/q                               0.249241             0.249241
xpoc._074_/y                                0.24928              0.24928
xpoc._074_/a                            0.000954829          0.000954829
xpoc._121_/x                                0.24928              0.24928
xpoc._109_/y                              0.0766904            0.0766904
xpoc.buffers\[15\]._0_/a                   0.112599             0.112599
xpoc._134_/d                              0.0011437            0.0011437
xpoc._090_/b                               0.242905             0.242905
reset                                             0                    0
xpoc._142_/d                                 0.2492               0.2492
xpoc._142_/q                               0.249241             0.249241
xpoc._142_/clk                           0.00289873           0.00289873
xpoc._073_/y                                0.24928              0.24928
xpoc._108_/y                              0.0766904            0.0766904
run                                        0.251256             0.251256
xpoc._141_/d                               0.247423             0.247423
xpoc._072_/y                                0.24928              0.24928
xpoc.buffers\[14\]._0_/a                   0.112642             0.112642
xpoc._124_/a                                0.24928              0.24928
xpoc._124_/b                               0.249317             0.249317
xpoc._107_/y                              0.0766904            0.0766904
xpoc._140_/d                               0.242295             0.242295
xpoc._071_/y                                0.24928              0.24928
xpoc._122_/y                             0.00294755           0.00294755
time_count_overflow                     0.000477686          0.000477686
xpoc._106_/y                              0.0126121            0.0126121
xpoc._106_/a                               0.192718             0.192718
xpoc._106_/b                               0.249163             0.249163
xpoc.buffers\[13\]._0_/a                   0.112631             0.112631
xpoc._070_/y                                0.24928              0.24928
xpoc._105_/y                              0.0126121            0.0126121
xpoc.buffers\[12\]._0_/a                   0.112634             0.112634
xpoc._104_/y                              0.0126121            0.0126121
xpoc.buffers\[11\]._0_/a                   0.112633             0.112633
xpoc._120_/a                               0.246023             0.246023
xpoc._103_/y                              0.0126121            0.0126121
xpoc.buffers\[9\]._0_/y                    0.112633             0.112633
ring_osc_counter_out[3]                  0.00102907           0.00102907
xpoc._089_/b                            0.000935435          0.000935435
ring_osc_counter_out[2]                  0.00102907           0.00102907
ring_osc_counter_out[1]                  0.00102907           0.00102907
xpoc._133_/d                             0.00107465           0.00107465
xpoc._087_/b                               0.245106             0.245106
xpoc._132_/d                             0.00114425           0.00114425
xpoc._119_/c                               0.249121             0.249121
xpoc._083_/b                               0.119766             0.119766
xpoc.buffers\[9\]._0_/a                    0.112633             0.112633
xpoc._082_/a                               0.134014             0.134014
xpoc._082_/b                             0.00126474           0.00126474
xpoc._116_/y                             0.00294867           0.00294867
xpoc.buffers\[8\]._0_/a                    0.112633             0.112633
b[1]                                              0                    0
b[2]                                              0                    0
b[3]                                              0                    0
b[4]                                              0                    0
b[5]                                              0                    0
b[6]                                              0                    0
b[7]                                              0                    0
vreset#branch                                     0                    0
vclk#branch                                       0                    0
vb7#branch                                        0                    0
vb6#branch                                        0                    0
vb5#branch                                        0                    0
vb4#branch                                        0                    0
vb3#branch                                        0                    0
vb2#branch                                        0                    0
vb1#branch                                        0                    0
vb0#branch                                        0                    0
vrun#branch                                       0                    0
vextra_inverter#branch                            0                    0
vbypass#branch                                    0                    0
vdd#branch                             -1.29863e-10         -1.29863e-10
vgnd#branch                            -3.70656e-13         -3.63862e-13



No. of Data Rows : 0
doAnalyses: Too many iterations without convergence

run simulation(s) aborted
Error: no such vector reset
ngspice 189 ->
