Instance name,  X location,  Y location,  Voltage 
PHY_16, 5.4, 35.36, 1.8
PHY_18, 5.4, 35.36, 1.8
PHY_17, 43.2, 35.36, 1.8
PHY_19, 43.2, 35.36, 1.8
PHY_12, 5.4, 29.92, 1.8
PHY_14, 5.4, 29.92, 1.8
PHY_13, 43.2, 29.92, 1.8
PHY_15, 43.2, 29.92, 1.8
PHY_10, 5.4, 24.48, 1.8
PHY_8, 5.4, 24.48, 1.8
PHY_11, 43.2, 24.48, 1.8
PHY_9, 43.2, 24.48, 1.8
PHY_4, 5.4, 19.04, 1.8
PHY_6, 5.4, 19.04, 1.8
PHY_5, 43.2, 19.04, 1.8
PHY_7, 43.2, 19.04, 1.8
PHY_0, 5.4, 13.6, 1.8
PHY_2, 5.4, 13.6, 1.8
_12_, 5.4, 13.6, 1.8
_13_, 5.4, 13.6, 1.8
_14_, 5.4, 13.6, 1.8
_15_, 5.4, 13.6, 1.8
_16_, 5.4, 13.6, 1.8
_17_, 5.4, 13.6, 1.8
_18_, 5.4, 13.6, 1.8
_19_, 5.4, 13.6, 1.8
_20_, 5.4, 13.6, 1.8
_21_, 5.4, 13.6, 1.8
_22_, 5.4, 13.6, 1.8
_23_, 5.4, 13.6, 1.8
_24_, 5.4, 13.6, 1.8
_25_, 5.4, 13.6, 1.8
_26_, 5.4, 13.6, 1.8
_27_, 5.4, 13.6, 1.8
_28_, 5.4, 13.6, 1.8
buffers\[0\], 5.4, 13.6, 1.8
buffers\[1\], 5.4, 13.6, 1.8
buffers\[2\], 5.4, 13.6, 1.8
buffers\[3\], 5.4, 13.6, 1.8
buffers\[4\], 5.4, 13.6, 1.8
buffers\[5\], 5.4, 13.6, 1.8
buffers\[6\], 5.4, 13.6, 1.8
buffers\[7\], 5.4, 13.6, 1.8
buffers\[8\], 5.4, 13.6, 1.8
buffers\[9\], 5.4, 13.6, 1.8
PHY_1, 43.2, 13.6, 1.8
PHY_3, 43.2, 13.6, 1.8

