OpenROAD 8d53e9b018dec98fa63e907ddeb6c5406f035361 
This program is licensed under the BSD-3 license. See the LICENSE file for details.
Components of this program may be licensed under more restrictive licenses which must be honored.
[INFO ODB-0222] Reading LEF file: /openlane/designs/wrapped_instrumented_adder/runs/RUN_2022.05.18_14.08.09/tmp/merged_unpadded.lef
[INFO ODB-0223]     Created 13 technology layers
[INFO ODB-0224]     Created 25 technology vias
[INFO ODB-0225]     Created 441 library cells
[INFO ODB-0226] Finished LEF file:  /openlane/designs/wrapped_instrumented_adder/runs/RUN_2022.05.18_14.08.09/tmp/merged_unpadded.lef
[INFO ODB-0127] Reading DEF file: /openlane/designs/wrapped_instrumented_adder/runs/RUN_2022.05.18_14.08.09/results/floorplan/instrumented_adder.def
[INFO ODB-0128] Design: instrumented_adder
[INFO ODB-0130]     Created 7 pins.
[INFO ODB-0131]     Created 59 components and 290 component-terminals.
[INFO ODB-0133]     Created 29 nets and 78 connections.
[INFO ODB-0134] Finished DEF file: /openlane/designs/wrapped_instrumented_adder/runs/RUN_2022.05.18_14.08.09/results/floorplan/instrumented_adder.def
[INFO PDN-0016] Power Delivery Network Generator: Generating PDN
  config: /openlane/scripts/openroad/pdn_cfg.tcl
[INFO PDN-0008] Design name is instrumented_adder.
[INFO PDN-0009] Reading technology data.
[INFO PDN-0011] ****** INFO ******
Type: stdcell, stdcell_grid
    Stdcell Rails
      Layer: met1  -  width: 0.480  pitch: 5.440 
    Straps
      Layer: met4  -  width: 1.600  pitch: 12.987  offset: 6.493 
    Connect: {met1 met4}
Type: macro, CORE_macro_grid_1
    Macro orientation: R0 R180 MX MY R90 R270 MXR90 MYR90
    Straps
    Connect: {met4_PIN_ver met5}
[INFO PDN-0012] **** END INFO ****
[INFO PDN-0013] Inserting stdcell grid - stdcell_grid.
[INFO PDN-0015] Writing to database.
[WARNING PSM-0016] Voltage pad location (VSRC) file not specified, defaulting pad location to checkerboard pattern on core area.
[WARNING PSM-0017] X direction bump pitch is not specified, defaulting to 140um.
[WARNING PSM-0018] Y direction bump pitch is not specified, defaulting to 140um.
[WARNING PSM-0019] Voltage on net vccd1 is not explicitly set.
[WARNING PSM-0022] Using voltage 1.800V for VDD network.
[WARNING PSM-0063] Specified bump pitches of 140.000 and 140.000 are less than core width of 38.640 or core height of 27.200. Changing bump location to the center of the die at (19.320, 13.600).
[WARNING PSM-0065] VSRC location not specified, using default checkerboard pattern with one VDD every size bumps in x-direction and one in two bumps in the y-direction
[WARNING PSM-0030] VSRC location at (19.320um, 13.600um) and size 10.000um, is not located on a power stripe. Moving to closest stripe at (25.000um, 16.200um).
[INFO PSM-0031] Number of PDN nodes on net vccd1 = 151.
[INFO PSM-0064] Number of voltage sources = 1.
[INFO PSM-0040] All PDN stripes on net vccd1 are connected.
[WARNING PSM-0016] Voltage pad location (VSRC) file not specified, defaulting pad location to checkerboard pattern on core area.
[WARNING PSM-0017] X direction bump pitch is not specified, defaulting to 140um.
[WARNING PSM-0018] Y direction bump pitch is not specified, defaulting to 140um.
[WARNING PSM-0019] Voltage on net vssd1 is not explicitly set.
[WARNING PSM-0021] Using voltage 0.000V for ground network.
[WARNING PSM-0063] Specified bump pitches of 140.000 and 140.000 are less than core width of 38.640 or core height of 27.200. Changing bump location to the center of the die at (19.320, 13.600).
[WARNING PSM-0065] VSRC location not specified, using default checkerboard pattern with one VDD every size bumps in x-direction and one in two bumps in the y-direction
[INFO PSM-0031] Number of PDN nodes on net vssd1 = 134.
[INFO PSM-0064] Number of voltage sources = 1.
[INFO PSM-0040] All PDN stripes on net vssd1 are connected.
[INFO]: Setting RC values...
[INFO PSM-0002] Output voltage file is specified as: /openlane/designs/wrapped_instrumented_adder/runs/RUN_2022.05.18_14.08.09/tmp/floorplan/6-pdn.pga.rpt.
[WARNING PSM-0016] Voltage pad location (VSRC) file not specified, defaulting pad location to checkerboard pattern on core area.
[WARNING PSM-0017] X direction bump pitch is not specified, defaulting to 140um.
[WARNING PSM-0018] Y direction bump pitch is not specified, defaulting to 140um.
[WARNING PSM-0019] Voltage on net vccd1 is not explicitly set.
[WARNING PSM-0022] Using voltage 1.800V for VDD network.
[WARNING PSM-0063] Specified bump pitches of 140.000 and 140.000 are less than core width of 38.640 or core height of 27.200. Changing bump location to the center of the die at (19.320, 13.600).
[WARNING PSM-0065] VSRC location not specified, using default checkerboard pattern with one VDD every size bumps in x-direction and one in two bumps in the y-direction
[WARNING PSM-0030] VSRC location at (19.320um, 13.600um) and size 10.000um, is not located on a power stripe. Moving to closest stripe at (25.000um, 16.200um).
[INFO PSM-0031] Number of PDN nodes on net vccd1 = 151.
[WARNING PSM-0024] Instance _12_, current node at (5400, 13600) at layer 2 have been moved from (0, 0).
[WARNING PSM-0024] Instance _13_, current node at (5400, 13600) at layer 2 have been moved from (0, 0).
[WARNING PSM-0024] Instance _14_, current node at (5400, 13600) at layer 2 have been moved from (0, 0).
[WARNING PSM-0024] Instance _15_, current node at (5400, 13600) at layer 2 have been moved from (0, 0).
[WARNING PSM-0024] Instance _16_, current node at (5400, 13600) at layer 2 have been moved from (0, 0).
[WARNING PSM-0024] Instance _17_, current node at (5400, 13600) at layer 2 have been moved from (0, 0).
[WARNING PSM-0024] Instance _18_, current node at (5400, 13600) at layer 2 have been moved from (0, 0).
[WARNING PSM-0024] Instance _19_, current node at (5400, 13600) at layer 2 have been moved from (0, 0).
[WARNING PSM-0024] Instance _20_, current node at (5400, 13600) at layer 2 have been moved from (0, 0).
[WARNING PSM-0024] Instance _21_, current node at (5400, 13600) at layer 2 have been moved from (0, 0).
[WARNING PSM-0024] Instance _22_, current node at (5400, 13600) at layer 2 have been moved from (0, 0).
[WARNING PSM-0024] Instance _23_, current node at (5400, 13600) at layer 2 have been moved from (0, 0).
[WARNING PSM-0024] Instance _24_, current node at (5400, 13600) at layer 2 have been moved from (0, 0).
[WARNING PSM-0024] Instance _25_, current node at (5400, 13600) at layer 2 have been moved from (0, 0).
[WARNING PSM-0024] Instance _26_, current node at (5400, 13600) at layer 2 have been moved from (0, 0).
[WARNING PSM-0024] Instance _27_, current node at (5400, 13600) at layer 2 have been moved from (0, 0).
[WARNING PSM-0024] Instance _28_, current node at (5400, 13600) at layer 2 have been moved from (0, 0).
[WARNING PSM-0024] Instance buffers\[0\], current node at (5400, 13600) at layer 2 have been moved from (0, 0).
[WARNING PSM-0024] Instance buffers\[1\], current node at (5400, 13600) at layer 2 have been moved from (0, 0).
[WARNING PSM-0024] Instance buffers\[2\], current node at (5400, 13600) at layer 2 have been moved from (0, 0).
[WARNING PSM-0024] Instance buffers\[3\], current node at (5400, 13600) at layer 2 have been moved from (0, 0).
[WARNING PSM-0024] Instance buffers\[4\], current node at (5400, 13600) at layer 2 have been moved from (0, 0).
[WARNING PSM-0024] Instance buffers\[5\], current node at (5400, 13600) at layer 2 have been moved from (0, 0).
[WARNING PSM-0024] Instance buffers\[6\], current node at (5400, 13600) at layer 2 have been moved from (0, 0).
[WARNING PSM-0024] Instance buffers\[7\], current node at (5400, 13600) at layer 2 have been moved from (0, 0).
[WARNING PSM-0024] Instance buffers\[8\], current node at (5400, 13600) at layer 2 have been moved from (0, 0).
[WARNING PSM-0024] Instance buffers\[9\], current node at (5400, 13600) at layer 2 have been moved from (0, 0).
[INFO PSM-0064] Number of voltage sources = 1.
[INFO PSM-0040] All PDN stripes on net vccd1 are connected.
########## IR report #################
Worstcase voltage: 1.80e+00 V
Average IR drop  : 1.13e-10 V
Worstcase IR drop: 4.86e-10 V
######################################
