
===========================================================================
report_checks -path_delay min (Hold)
============================================================================
Startpoint: _27_ (rising edge-triggered flip-flop clocked by clk)
Endpoint: _27_ (rising edge-triggered flip-flop clocked by clk)
Path Group: clk
Path Type: min

Fanout     Cap    Slew   Delay    Time   Description
-----------------------------------------------------------------------------
                  0.15    0.00    0.00   clock clk (rise edge)
                          0.00    0.00   clock network delay (ideal)
                  0.15    0.00    0.00 ^ _27_/CLK (sky130_fd_sc_hd__dfxtp_2)
                  0.11    0.38    0.38 v _27_/Q (sky130_fd_sc_hd__dfxtp_2)
     5    0.04                           outputs[2] (net)
                  0.11    0.01    0.39 v _18_/B1 (sky130_fd_sc_hd__a21oi_2)
                  0.09    0.13    0.51 ^ _18_/Y (sky130_fd_sc_hd__a21oi_2)
     1    0.00                           _07_ (net)
                  0.10    0.01    0.52 ^ _20_/A (sky130_fd_sc_hd__nor2_2)
                  0.02    0.04    0.56 v _20_/Y (sky130_fd_sc_hd__nor2_2)
     1    0.00                           _02_ (net)
                  0.02    0.00    0.57 v _27_/D (sky130_fd_sc_hd__dfxtp_2)
                                  0.57   data arrival time

                  0.15    0.00    0.00   clock clk (rise edge)
                          0.00    0.00   clock network delay (ideal)
                          0.25    0.25   clock uncertainty
                          0.00    0.25   clock reconvergence pessimism
                                  0.25 ^ _27_/CLK (sky130_fd_sc_hd__dfxtp_2)
                         -0.01    0.24   library hold time
                                  0.24   data required time
-----------------------------------------------------------------------------
                                  0.24   data required time
                                 -0.57   data arrival time
-----------------------------------------------------------------------------
                                  0.33   slack (MET)


Startpoint: _25_ (rising edge-triggered flip-flop clocked by clk)
Endpoint: _25_ (rising edge-triggered flip-flop clocked by clk)
Path Group: clk
Path Type: min

Fanout     Cap    Slew   Delay    Time   Description
-----------------------------------------------------------------------------
                  0.15    0.00    0.00   clock clk (rise edge)
                          0.00    0.00   clock network delay (ideal)
                  0.15    0.00    0.00 ^ _25_/CLK (sky130_fd_sc_hd__dfxtp_2)
                  0.10    0.37    0.37 v _25_/Q (sky130_fd_sc_hd__dfxtp_2)
     4    0.04                           outputs[0] (net)
                  0.10    0.00    0.37 v _13_/A (sky130_fd_sc_hd__buf_1)
                  0.11    0.17    0.54 v _13_/X (sky130_fd_sc_hd__buf_1)
     5    0.02                           _04_ (net)
                  0.11    0.01    0.55 v _14_/B (sky130_fd_sc_hd__nor2_2)
                  0.05    0.08    0.63 ^ _14_/Y (sky130_fd_sc_hd__nor2_2)
     1    0.00                           _00_ (net)
                  0.05    0.00    0.64 ^ _25_/D (sky130_fd_sc_hd__dfxtp_2)
                                  0.64   data arrival time

                  0.15    0.00    0.00   clock clk (rise edge)
                          0.00    0.00   clock network delay (ideal)
                          0.25    0.25   clock uncertainty
                          0.00    0.25   clock reconvergence pessimism
                                  0.25 ^ _25_/CLK (sky130_fd_sc_hd__dfxtp_2)
                         -0.02    0.23   library hold time
                                  0.23   data required time
-----------------------------------------------------------------------------
                                  0.23   data required time
                                 -0.64   data arrival time
-----------------------------------------------------------------------------
                                  0.41   slack (MET)


Startpoint: _26_ (rising edge-triggered flip-flop clocked by clk)
Endpoint: _26_ (rising edge-triggered flip-flop clocked by clk)
Path Group: clk
Path Type: min

Fanout     Cap    Slew   Delay    Time   Description
-----------------------------------------------------------------------------
                  0.15    0.00    0.00   clock clk (rise edge)
                          0.00    0.00   clock network delay (ideal)
                  0.15    0.00    0.00 ^ _26_/CLK (sky130_fd_sc_hd__dfxtp_2)
                  0.10    0.37    0.37 v _26_/Q (sky130_fd_sc_hd__dfxtp_2)
     3    0.04                           outputs[1] (net)
                  0.10    0.00    0.37 v _15_/A (sky130_fd_sc_hd__buf_1)
                  0.11    0.16    0.53 v _15_/X (sky130_fd_sc_hd__buf_1)
     5    0.02                           _05_ (net)
                  0.11    0.00    0.53 v _17_/A2 (sky130_fd_sc_hd__o21a_2)
                  0.02    0.20    0.73 v _17_/X (sky130_fd_sc_hd__o21a_2)
     1    0.00                           _01_ (net)
                  0.02    0.00    0.73 v _26_/D (sky130_fd_sc_hd__dfxtp_2)
                                  0.73   data arrival time

                  0.15    0.00    0.00   clock clk (rise edge)
                          0.00    0.00   clock network delay (ideal)
                          0.25    0.25   clock uncertainty
                          0.00    0.25   clock reconvergence pessimism
                                  0.25 ^ _26_/CLK (sky130_fd_sc_hd__dfxtp_2)
                         -0.01    0.24   library hold time
                                  0.24   data required time
-----------------------------------------------------------------------------
                                  0.24   data required time
                                 -0.73   data arrival time
-----------------------------------------------------------------------------
                                  0.50   slack (MET)


Startpoint: _28_ (rising edge-triggered flip-flop clocked by clk)
Endpoint: _28_ (rising edge-triggered flip-flop clocked by clk)
Path Group: clk
Path Type: min

Fanout     Cap    Slew   Delay    Time   Description
-----------------------------------------------------------------------------
                  0.15    0.00    0.00   clock clk (rise edge)
                          0.00    0.00   clock network delay (ideal)
                  0.15    0.00    0.00 ^ _28_/CLK (sky130_fd_sc_hd__dfxtp_2)
                  0.20    0.42    0.42 ^ _28_/Q (sky130_fd_sc_hd__dfxtp_2)
     3    0.04                           outputs[3] (net)
                  0.20    0.00    0.42 ^ _22_/B1 (sky130_fd_sc_hd__a31o_2)
                  0.03    0.12    0.55 ^ _22_/X (sky130_fd_sc_hd__a31o_2)
     1    0.00                           _10_ (net)
                  0.03    0.00    0.55 ^ _23_/B (sky130_fd_sc_hd__and2b_2)
                  0.03    0.12    0.67 ^ _23_/X (sky130_fd_sc_hd__and2b_2)
     1    0.00                           _11_ (net)
                  0.04    0.00    0.67 ^ _24_/A (sky130_fd_sc_hd__buf_1)
                  0.04    0.07    0.74 ^ _24_/X (sky130_fd_sc_hd__buf_1)
     1    0.00                           _03_ (net)
                  0.04    0.00    0.74 ^ _28_/D (sky130_fd_sc_hd__dfxtp_2)
                                  0.74   data arrival time

                  0.15    0.00    0.00   clock clk (rise edge)
                          0.00    0.00   clock network delay (ideal)
                          0.25    0.25   clock uncertainty
                          0.00    0.25   clock reconvergence pessimism
                                  0.25 ^ _28_/CLK (sky130_fd_sc_hd__dfxtp_2)
                         -0.02    0.23   library hold time
                                  0.23   data required time
-----------------------------------------------------------------------------
                                  0.23   data required time
                                 -0.74   data arrival time
-----------------------------------------------------------------------------
                                  0.51   slack (MET)


Startpoint: _26_ (rising edge-triggered flip-flop clocked by clk)
Endpoint: outputs[1] (output port clocked by clk)
Path Group: clk
Path Type: min

Fanout     Cap    Slew   Delay    Time   Description
-----------------------------------------------------------------------------
                  0.15    0.00    0.00   clock clk (rise edge)
                          0.00    0.00   clock network delay (ideal)
                  0.15    0.00    0.00 ^ _26_/CLK (sky130_fd_sc_hd__dfxtp_2)
                  0.10    0.37    0.37 v _26_/Q (sky130_fd_sc_hd__dfxtp_2)
     3    0.04                           outputs[1] (net)
                  0.10    0.00    0.37 v outputs[1] (out)
                                  0.37   data arrival time

                  0.15    0.00    0.00   clock clk (rise edge)
                          0.00    0.00   clock network delay (ideal)
                          0.25    0.25   clock uncertainty
                          0.00    0.25   clock reconvergence pessimism
                         -2.00   -1.75   output external delay
                                 -1.75   data required time
-----------------------------------------------------------------------------
                                 -1.75   data required time
                                 -0.37   data arrival time
-----------------------------------------------------------------------------
                                  2.12   slack (MET)


